==================================
/proc/sys/kernel/core_pattern=|/usr/lib/systemd/systemd-coredump %P %u %g %s %t 9223372036854775808 %h %d
No configuration file /opt/oai-gnb/etc/gnb.conf found: attempting to find YAML config
==================================
== Configuration file:
Active_gNBs:
 - gnb-rfsim
# Asn1_verbosity, choice in: none, info, annoying
Asn1_verbosity: none
gNBs:
    ##### Identification parameters:
  - gNB_ID: 0xe00
    gNB_name: gnb-rfsim
    tracking_area_code: 0xa000
    plmn_list:
      - mcc: 208
        mnc: 95
        mnc_length: 2
        snssaiList:
          - sst: 1
            sd: 0xffffff
          - sst: 5
            sd: 0xffffff
    nr_cellid: 12345678
    ##### Physical parameters:
    min_rxtxtime: 6
    servingCellConfigCommon:
      #spCellConfigCommon
      - physCellId: 0
      #  downlinkConfigCommon
      #frequencyInfoDL
      # this is 3300.60 MHz + 53*12*30e-3 MHz = 3319.68
        absoluteFrequencySSB: 621312
        # this is 3300.60 MHz
        dl_absoluteFrequencyPointA: 620040
        #scs-SpecificCarrierList
        dl_offstToCarrier: 0
        # subcarrierSpacing
        # 0=kHz15, 1=kHz30, 2=kHz60, 3=kHz120
        dl_subcarrierSpacing: 1
        dl_carrierBandwidth: 106
        #initialDownlinkBWP
        #genericParameters
        # this is RBstart=0,L=106 (275*(L-1))+RBstart
        initialDLBWPlocationAndBandwidth: 28875
        # subcarrierSpacing
        # 0=kHz15, 1=kHz30, 2=kHz60, 3=kHz120
        initialDLBWPsubcarrierSpacing: 1
        #pdcch-ConfigCommon
        initialDLBWPcontrolResourceSetZero: 11
        initialDLBWPsearchSpaceZero: 0
        #uplinkConfigCommon
        #frequencyInfoUL
        ul_frequencyBand: 78
        #scs-SpecificCarrierList
        ul_offstToCarrier: 0
        # subcarrierSpacing
        # 0=kHz15, 1=kHz30, 2=kHz60, 3=kHz120
        ul_subcarrierSpacing: 1
        ul_carrierBandwidth: 106
        pMax: 20
        #initialUplinkBWP
        #genericParameters
        initialULBWPlocationAndBandwidth: 28875
        # subcarrierSpacing
        # 0=kHz15, 1=kHz30, 2=kHz60, 3=kHz120
        initialULBWPsubcarrierSpacing: 1
        #rach-ConfigCommon
        #rach-ConfigGeneric
        prach_ConfigurationIndex: 98
        #prach_msg1_FDM
        #0 = one, 1=two, 2=four, 3=eight
        prach_msg1_FDM: 0
        prach_msg1_FrequencyStart: 0
        zeroCorrelationZoneConfig: 12
        preambleReceivedTargetPower: -104
        #preamblTransMax (0...10) = (3,4,5,6,7,8,10,20,50,100,200)
        preambleTransMax: 6
        #powerRampingStep
        # 0=dB0,1=dB2,2=dB4,3=dB6
        powerRampingStep: 1
        #ssb_perRACH_OccasionAndCB_PreamblesPerSSB_PR
        #1=oneeighth,2=onefourth,3=half,4=one,5=two,6=four,7=eight,8=sixteen
        ssb_perRACH_OccasionAndCB_PreamblesPerSSB_PR: 4
        #one (0..15) 4,8,12,16,...60,64
        ssb_perRACH_OccasionAndCB_PreamblesPerSSB: 15
        #ra_ContentionResolutionTimer
        #(0..7) 8,16,24,32,40,48,56,64
        ra_ContentionResolutionTimer: 7
        rsrp_ThresholdSSB: 19
        #prach-RootSequenceIndex_PR
        #1 = 839, 2 = 139
        prach_RootSequenceIndex_PR: 2
        prach_RootSequenceIndex: 1
        # SCS for msg1, can only be 15 for 30 kHz < 6 GHz, takes precendence over the one derived from prach-ConfigIndex
        msg1_SubcarrierSpacing: 1
        # restrictedSetConfig
        # 0=unrestricted, 1=restricted type A, 2=restricted type B
        restrictedSetConfig: 0
        msg3_DeltaPreamble: 1
        p0_NominalWithGrant: -90

        # pucch-ConfigCommon setup :
        # pucchGroupHopping
        # 0 = neither, 1= group hopping, 2=sequence hopping
        pucchGroupHopping: 0
        hoppingId: 40
        p0_nominal: -90
        ssb_PositionsInBurst_Bitmap: 1
        # ssb_periodicityServingCell
        # 0 = ms5, 1=ms10, 2=ms20, 3=ms40, 4=ms80, 5=ms160, 6=spare2, 7=spare1
        ssb_periodicityServingCell: 2
        
        # dmrs_TypeA_position
        # 0 = pos2, 1 = pos3
        dmrs_TypeA_Position: 0
        
        # subcarrierSpacing
        # 0=kHz15, 1=kHz30, 2=kHz60, 3=kHz120
        subcarrierSpacing: 1
        
        #tdd-UL-DL-ConfigurationCommon
        # subcarrierSpacing
        # 0=kHz15, 1=kHz30, 2=kHz60, 3=kHz120
        referenceSubcarrierSpacing: 1
        
        # pattern1
        # dl_UL_TransmissionPeriodicity
        # 0=ms0p5, 1=ms0p625, 2=ms1, 3=ms1p25, 4=ms2, 5=ms2p5, 6=ms5, 7=ms10
        dl_UL_TransmissionPeriodicity: 6
        nrofDownlinkSlots: 7
        nrofDownlinkSymbols: 6
        nrofUplinkSlots: 2
        nrofUplinkSymbols: 4
        ssPBCH_BlockPower: -25
    SCTP:
      SCTP_INSTREAMS: 2
      SCTP_OUTSTREAMS: 2

    ##### AMF parameters:
    amf_ip_address:
      - ipv4: 192.168.70.132

    NETWORK_INTERFACES:
      GNB_IPV4_ADDRESS_FOR_NG_AMF: 192.168.70.153
      GNB_IPV4_ADDRESS_FOR_NGU: 192.168.71.153
      GNB_PORT_FOR_S1U: 2152 # Spec 2152


MACRLCs:
  - num_cc: 1
    tr_s_preference: local_L1
    tr_n_preference: local_RRC
    pusch_TargetSNRx10: 200
    pucch_TargetSNRx10: 200

L1s:
  - num_cc: 1
    tr_n_preference:  local_mac
    prach_dtx_threshold: 200
    # pucch0_dtx_threshold = 150;

RUs:
  - local_rf: yes
    nb_tx: 1
    nb_rx: 1
    att_tx: 0
    att_rx: 0
    bands: [78]
    max_pdschReferenceSignalPower: -27
    max_rxgain: 75
    eNB_instances: [0]
    sf_extension: 0
    sdr_addrs: serial=XXXXXXX

rfsimulator:
  serveraddr: server

security:
  # preferred ciphering algorithms
  # the first one of the list that an UE supports in chosen
  # valid values: nea0, nea1, nea2, nea3
  ciphering_algorithms: [nea0]

  # preferred integrity algorithms
  # the first one of the list that an UE supports in chosen
  # valid values: nia0, nia1, nia2, nia3
  integrity_algorithms: [nia2, nia0]

  # setting 'drb_ciphering' to "no" disables ciphering for DRBs, no matter
  # what 'ciphering_algorithms' configures; same thing for 'drb_integrity'
  drb_ciphering: yes
  drb_integrity: no

log_config:
  global_log_level: info
  hw_log_level: info
  phy_log_level: info
  mac_log_level: info
  rlc_log_level: info
  pdcp_log_level: info
  rrc_log_level: info
  ngap_log_level: debug
  f1ap_log_level: debug
==================================
== Load USRP binaries
==================================
== Starting gNB soft modem
Additional option(s): -E --rfsim --log_config.global_log_options level,nocolor,time
/opt/oai-gnb/bin/nr-softmodem -O /opt/oai-gnb/etc/gnb.yaml -E --rfsim --log_config.global_log_options level,nocolor,time
278456.674262 [UTIL] I running in SA mode (no --phy-test, --do-ra, --nsa option present)
278457.674786 [OPT] I OPT disabled
278457.674793 [HW] I Version: Branch: HEAD Abrev. Hash: 67cce232f8 Date: Mon Oct 20 11:48:17 2025 +0200
278457.675114 [GNB_APP] I Initialized RAN Context: RC.nb_nr_inst = 1, RC.nb_nr_macrlc_inst = 1, RC.nb_nr_L1_inst = 1, RC.nb_RU = 1, RC.nb_nr_CC[0] = 1
278457.675117 [NR_PHY] I Initializing gNB RAN context: RC.nb_nr_L1_inst = 1 
278457.675445 [NR_PHY] I Registered with MAC interface module (0x64bd47789a00)
278457.675449 [NR_PHY] I Initializing NR L1: RC.nb_nr_L1_inst = 1
278457.675911 [NR_PHY] I L1_RX_THREAD_CORE -1 (15)
278457.675915 [NR_PHY] I TX_AMP = 519 (-36 dBFS)
278457.675986 [PHY] I No prs_config configuration found..!!
278457.676681 [GNB_APP] I pdsch_AntennaPorts N1 1 N2 1 XP 1 pusch_AntennaPorts 1
278457.676877 [GNB_APP] I minTXRXTIME 6
278457.676879 [GNB_APP] I SIB1 TDA 1
278457.676879 [GNB_APP] I CSI-RS 0, SRS 0, SINR:0, 256 QAM may be on, delta_MCS off, maxMIMO_Layers -1, HARQ feedback enabled, num DLHARQ:16, num ULHARQ:16
278457.676949 [GNB_APP] I No RedCap configuration found
278457.677040 [GNB_APP] I No PTRS configuration found
278457.677143 [GNB_APP] I sr_ProhibitTimer 0, sr_TransMax 64, sr_ProhibitTimer_v1700 0, t300 400, t301 400, t310 2000, n310 10, t311 3000, n311 1, t319 400
278457.677145 [NR_MAC] I Candidates per PDCCH aggregation level on UESS: L1: 0, L2: 2, L4: 0, L8: 0, L16: 0
278457.677755 [RRC] I Read in ServingCellConfigCommon (PhysCellId 0, ABSFREQSSB 621312, DLBand 78, ABSFREQPOINTA 620040, DLBW 106,RACH_TargetReceivedPower -104
278457.677759 [RRC] I absoluteFrequencySSB 621312 corresponds to 3319680000 Hz
278457.677768 [NR_MAC] I TDD period index = 6, based on the sum of dl_UL_TransmissionPeriodicity from Pattern1 (5.000000 ms) and Pattern2 (0.000000 ms): Total = 5.000000 ms
278457.678262 [UTIL] I threadCreate() for MAC_STATS: creating thread with affinity ffffffff, priority 2
278457.679755 [NR_MAC] I PUSCH Target 200, PUCCH Target 200, PUCCH Failure 10, PUSCH Failure 10
278457.680031 [NR_PHY] I Copying 0 blacklisted PRB to L1 context
278457.680380 [NR_MAC] I Set TX antenna number to 1, Set RX antenna number to 1 (num ssb 1: 80000000,0)
278457.680383 [NR_MAC] I TDD period index = 6, based on the sum of dl_UL_TransmissionPeriodicity from Pattern1 (5.000000 ms) and Pattern2 (0.000000 ms): Total = 5.000000 ms
278457.680386 [NR_MAC] I Set TDD configuration period to: 8 DL slots, 3 UL slots, 10 slots per period (NR_TDD_UL_DL_Pattern is 7 DL slots, 2 UL slots, 6 DL symbols, 4 UL symbols)
278457.680387 [NR_MAC] I Configured 1 TDD patterns (total slots: pattern1 = 10, pattern2 = 0)
278457.680388 [NR_PHY] I Set TDD Period Configuration: 2 periods per frame, 20 slots to be configured (8 DL, 3 UL)
278457.680391 [NR_PHY] I TDD period configuration: slot 0 is DOWNLINK
278457.680392 [NR_PHY] I TDD period configuration: slot 1 is DOWNLINK
278457.680393 [NR_PHY] I TDD period configuration: slot 2 is DOWNLINK
278457.680393 [NR_PHY] I TDD period configuration: slot 3 is DOWNLINK
278457.680394 [NR_PHY] I TDD period configuration: slot 4 is DOWNLINK
278457.680395 [NR_PHY] I TDD period configuration: slot 5 is DOWNLINK
278457.680395 [NR_PHY] I TDD period configuration: slot 6 is DOWNLINK
278457.680396 [NR_PHY] I TDD period configuration: slot 7 is FLEXIBLE: DDDDDDFFFFUUUU
278457.680396 [NR_PHY] I TDD period configuration: slot 8 is UPLINK
278457.680397 [NR_PHY] I TDD period configuration: slot 9 is UPLINK
278457.680398 [NR_MAC] I Command line parameters for OAI UE: -C 3319680000 -r 106 --numerology 1 --band 78 --ssb 516 -E
278457.680403 [PHY] I DL frequency 3319680000 Hz, UL frequency 3319680000 Hz: band 78, uldl offset 0 Hz
278457.680405 [PHY] I Initializing frame parms for mu 1, N_RB 106, Ncp 0
278457.680406 [PHY] I Init: N_RB_DL 106, first_carrier_offset 900, nb_prefix_samples 108,nb_prefix_samples0 132, ofdm_symbol_size 1536
278457.680503 [NR_MAC] I TDA index 0: start 0 length 13 k2 6
278457.680505 [NR_MAC] I TDA index 1: start 10 length 3 k2 6
278457.681635 [NR_RRC] I SIB1 freq: offsetToPointA 86
278457.681707 [GNB_APP] I F1AP: gNB idx 0 gNB_DU_id 3584, gNB_DU_name gnb-rfsim, TAC 40960 MCC/MNC/length 208/95/2 cellID 12345678
278457.681709 [GNB_APP] I ngran_DU: Configuring Cell 0 for TDD
278457.684604 [GNB_APP] I SDAP layer is disabled
278457.684606 [GNB_APP] I Data Radio Bearer count 1
278457.690689 [GNB_APP] I Parsed IPv4 address for NG AMF: 192.168.70.153
278457.690699 [UTIL] I threadCreate() for TASK_SCTP: creating thread with affinity ffffffff, priority 50
278457.692753 [X2AP] I X2AP is disabled.
278457.693051 [UTIL] I threadCreate() for TASK_NGAP: creating thread with affinity ffffffff, priority 50
278457.694578 [NGAP] D Starting NGAP layer
278457.694595 [UTIL] I threadCreate() for TASK_RRC_GNB: creating thread with affinity ffffffff, priority 50
278457.696044 [NGAP] I Registered new gNB[0] and macro gNB id 3584
278457.696050 [NGAP] I [gNB 0] check the amf registration state
278457.696102 [NR_RRC] I Entering main loop of NR_RRC message task
278457.696449 [NGAP] A Send NGSetupRequest to AMF
278457.696452 [NGAP] I 3584 -> 0000e000
278457.696602 [GTPU] I Configuring GTPu
278457.696702 [GTPU] I SA mode 
278457.696706 [GTPU] I Configuring GTPu address : 192.168.71.153, port : 2152
278457.696708 [GTPU] I Initializing UDP for local address 192.168.71.153 with port 2152
278457.696724 [GTPU] I Created gtpu instance id: 91
278457.696726 [UTIL] I threadCreate() for GTPrx_91: creating thread with affinity ffffffff, priority 50
278457.698201 [UTIL] I threadCreate() for TASK_GNB_APP: creating thread with affinity ffffffff, priority 50
278457.698208 [NR_RRC] I Accepting new CU-UP ID 3584 name gnb-rfsim (assoc_id -1)
278457.699912 [UTIL] I threadCreate() for TASK_GTPV1_U: creating thread with affinity ffffffff, priority 50
278457.701707 [NR_RRC] I Received F1 Setup Request from gNB_DU 3584 (gnb-rfsim) on assoc_id -1
278457.701774 [NR_RRC] I Accepting DU 3584 (gnb-rfsim), sending F1 Setup Response
278457.701777 [NR_RRC] I DU uses RRC version 17.3.0
278457.701792 [MAC] I received F1 Setup Response from CU (null)
278457.701795 [MAC] I CU uses RRC version 17.3.0
278457.701810 [MAC] I Clearing the DU's UE states before, if any.
278457.701813 [NR_RRC] I cell PLMN 208.95 Cell ID 12345678 is in service
278457.701815 [MAC] I received gNB-DU configuration update acknowledge
278457.701903 [NGAP] D Served GUAMIs for AMF OAI-AMF (assoc_id=240):
278457.701905 [NGAP] D  GUAMI:
278457.701906 [NGAP] D    PLMN: MCC=208, MNC=95
278457.701907 [NGAP] D    AMF Region ID: 1
278457.701908 [NGAP] D    AMF Set ID: 1
278457.701908 [NGAP] D    AMF Pointer: 1
278457.701909 [NGAP] D  GUAMI:
278457.701910 [NGAP] D    PLMN: MCC=001, MNC=01
278457.701911 [NGAP] D    AMF Region ID: 1
278457.701911 [NGAP] D    AMF Set ID: 1
278457.701912 [NGAP] D    AMF Pointer: 1
278457.701913 [NGAP] I Supported PLMN 0: MCC=208 MNC=95
278457.701914 [NGAP] I Supported slice (PLMN 0): SST=0x01 SD=000
278457.701916 [NGAP] I Supported slice (PLMN 0): SST=0x01 SD=001
278457.701917 [NGAP] I Supported slice (PLMN 0): SST=0x05 SD=000
278457.701918 [NGAP] I Supported slice (PLMN 0): SST=0xde SD=00123
278457.701919 [NGAP] A Received NGSetupResponse from AMF
278457.701928 [GNB_APP] I [gNB 0] Received NGAP_REGISTER_GNB_CNF: associated AMF 1
278457.702592 [UTIL] I threadCreate() for time source iq samples: creating thread with affinity ffffffff, priority 2
278457.704063 [UTIL] I time manager configuration: [time source: iq_samples] [mode: standalone] [server IP: 127.0.0.1} [server port: 7374] (server IP/port not used)
278457.754993 [PHY] I number of L1 instances 1, number of RU 1, number of CPU cores 14
278457.755137 [PHY] I Initialized RU proc 0 (,synch_to_ext_device),
278457.755141 [PHY] I RU thread-pool core string -1,-1 (size 2)
278457.755150 [UTIL] I threadCreate() for Tpool0_-1: creating thread with affinity ffffffff, priority 97
278457.756755 [UTIL] I threadCreate() for Tpool1_-1: creating thread with affinity ffffffff, priority 97
278457.758534 [UTIL] I threadCreate() for ru_thread: creating thread with affinity ffffffff, priority 97
278457.759974 [PHY] I Starting RU 0 (,synch_to_ext_device) on cpu 7
278457.759985 [PHY] I Initializing frame parms for mu 1, N_RB 106, Ncp 0
278457.759988 [PHY] I Init: N_RB_DL 106, first_carrier_offset 900, nb_prefix_samples 108,nb_prefix_samples0 132, ofdm_symbol_size 1536
278457.759991 [PHY] I fp->scs=30000
278457.759993 [PHY] I fp->ofdm_symbol_size=1536
278457.759994 [PHY] I fp->nb_prefix_samples0=132
278457.759995 [PHY] I fp->nb_prefix_samples=108
278457.759996 [PHY] I fp->slots_per_subframe=2
278457.759997 [PHY] I fp->samples_per_subframe_wCP=43008
278457.759998 [PHY] I fp->samples_per_frame_wCP=430080
278457.759999 [PHY] I fp->samples_per_subframe=46080
278457.760009 [PHY] I fp->samples_per_frame=460800
278457.760010 [PHY] I fp->dl_CarrierFreq=3319680000
278457.760011 [PHY] I fp->ul_CarrierFreq=3319680000
278457.760011 [PHY] I fp->Nid_cell=0
278457.760012 [PHY] I fp->first_carrier_offset=900
278457.760013 [PHY] I fp->ssb_start_subcarrier=0
278457.760013 [PHY] I fp->Ncp=0
278457.760014 [PHY] I fp->N_RB_DL=106
278457.760015 [PHY] I fp->numerology_index=1
278457.760016 [PHY] I fp->nr_band=78
278457.760017 [PHY] I fp->ofdm_offset_divisor=8
278457.760018 [PHY] I fp->threequarter_fs=1
278457.760019 [PHY] I fp->sl_CarrierFreq=0
278457.760019 [PHY] I fp->N_RB_SL=0
278457.760021 [NR_PHY] I nb_tx_streams 1, nb_rx_streams 1, num_Beams_period 1
278457.766612 [PHY] I Setting RF config for N_RB 106, NB_RX 1, NB_TX 1
278457.766625 [PHY] I tune_offset 0 Hz, sample_rate 46080000 Hz
278457.766631 [PHY] I Channel 0: setting tx_gain offset 0, tx_freq 3319680000 Hz
278457.766632 [PHY] I Channel 0: setting rx_gain offset 75, rx_freq 3319680000 Hz
278457.770344 [HW] I Running as server waiting opposite rfsimulators to connect
278457.770477 [HW] I [RAU] has loaded RFSIMULATOR device.
278457.770481 [PHY] I RU 0 Setting N_TA_offset to 600 samples (UL Freq 3300600, N_RB 106, mu 1)
278457.770483 [PHY] I Signaling main thread that RU 0 is ready, sl_ahead 6
278457.770500 [PHY] I L1 configured without analog beamforming
278458.002607 [PHY] I Attaching RU 0 antenna 0 to gNB antenna 0
278458.002630 [UTIL] I threadCreate() for Tpool0_-1: creating thread with affinity ffffffff, priority 97
278458.004110 [UTIL] I threadCreate() for Tpool1_-1: creating thread with affinity ffffffff, priority 97
278458.005597 [UTIL] I threadCreate() for Tpool2_-1: creating thread with affinity ffffffff, priority 97
278458.007068 [UTIL] I threadCreate() for Tpool3_-1: creating thread with affinity ffffffff, priority 97
278458.008519 [UTIL] I threadCreate() for Tpool4_-1: creating thread with affinity ffffffff, priority 97
278458.009968 [UTIL] I threadCreate() for Tpool5_-1: creating thread with affinity ffffffff, priority 97
278458.011601 [UTIL] I threadCreate() for Tpool6_-1: creating thread with affinity ffffffff, priority 97
278458.013114 [UTIL] I threadCreate() for Tpool7_-1: creating thread with affinity ffffffff, priority 97
278458.014715 [UTIL] I threadCreate() for L1_rx_thread: creating thread with affinity ffffffff, priority 97
278458.016612 [UTIL] I threadCreate() for L1_tx_thread: creating thread with affinity ffffffff, priority 97
278458.021415 [UTIL] I threadCreate() for L1_stats: creating thread with affinity ffffffff, priority 1
278458.023387 [PHY] I got sync (ru_thread)
278458.023388 [PHY] I got sync (L1_stats_thread)
CMDLINE: "/opt/oai-gnb/bin/nr-softmodem" "-O" "/opt/oai-gnb/etc/gnb.yaml" "-E" "--rfsim" "--log_config.global_log_options" "level,nocolor,time" 
[CONFIG] function config_yaml_init returned 0
DL frequency 3319680000: band 78, UL frequency 3319680000
E2 agent is DISABLED (for activation, define .e2_agent.{near_ric_ip_addr,sm_dir} parameters)
Initializing random number generator, seed 6051658538097304249
TYPE <CTRL-C> TO TERMINATE
278458.023470 [PHY] I RU 0 rf device ready
278458.023472 [PHY] I RU 0 RF started cpu_meas_enabled 0
278458.023486 [HW] I No connected device, generating void samples...
278459.440207 [PHY] A Command line parameters for OAI UE: -C 3319680000 -r 106 --numerology 1 --ssb 516 -E
278459.558432 [HW] I Client connects from ::ffff:192.168.70.156:64130
278459.688336 [NR_MAC] I Frame.Slot 128.0

278459.882043 [NR_PHY] A [RAPROC] 209.19 Initiating RA procedure with preamble 40, energy 44.4 dB (I0 0, thres 200), delay 0 start symbol 0 freq index 0
278459.882148 [NR_MAC] A 209.19 UE RA-RNTI 010b TC-RNTI 6bd1: initiating RA procedure
278459.882568 [NR_MAC] I UE 6bd1: Msg3 scheduled at 210.19 (210.10 TDA 0) start 0 RBs 8
278459.882576 [NR_MAC] A UE 6bd1: 210.10 Generating RA-Msg2 DCI, RA RNTI 0x10b, state 1, preamble_index(RAPID) 40, timing_offset = 0 (estimated distance 0.0 [m])
278459.882591 [NR_MAC] A 210.10 Send RAR to RA-RNTI 010b
278459.887141 [NR_MAC] A  210.19 PUSCH with TC_RNTI 0x6bd1 received correctly
278459.887152 [MAC] I [RAPROC] Received SDU for CCCH length 6 for UE 6bd1
278459.887160 [RLC] I Activated srb0 for UE 27601
278459.887183 [RLC] I Added srb 1 to UE 27601
278459.887279 [NR_MAC] I Activating scheduling Msg4 for TC_RNTI 0x6bd1 (state WAIT_Msg3)
278459.887295 [NR_RRC] I Decoding CCCH: RNTI 6bd1, payload_size 6
278459.887311 [NR_RRC] A [--] (cellID 0, UE ID 1 RNTI 6bd1) Create UE context: CU UE ID 1 DU UE ID 27601 (rnti: 6bd1, random ue id 623a7e39f3000000)
278459.887372 [RRC] I activate SRB 1 of UE 1
278459.887378 [NR_RRC] A [DL] (cellID bc614e, UE ID 1 RNTI 6bd1) Send RRC Setup
278459.888208 [NR_MAC] E Cannot find free vrb_map for RNTI 6bd1!
278459.888504 [NR_MAC] I UE 6bd1 Generate Msg4: feedback at  212. 7, payload 161 bytes, next state nrRA_WAIT_Msg4_MsgB_ACK
278459.890554 [NR_MAC] A  212. 7 UE 6bd1: Received Ack of Msg4. CBRA procedure succeeded (UE Connected)
278459.890578 [NR_MAC] I Adding new UE context with RNTI 0x6bd1
278459.896151 [NR_RRC] A [UL] (cellID bc614e, UE ID 1 RNTI 6bd1) Received RRCSetupComplete (RRC_CONNECTED reached)
278459.896164 [NGAP] I Selected PLMN in the NG Initial UE Message: MCC=208 MNC=95
278459.896188 [NGAP] I UE 1: Selected AMF 'OAI-AMF' (assoc_id 240) through selected PLMN MCC=208 MNC=95
278459.896210 [NGAP] I Create UE context (ID 1) for AMF 'OAI-AMF' (assoc_id 240)
278459.917321 [NR_RRC] A [DL] (cellID bc614e, UE ID 1 RNTI 6bd1) Send DL Information Transfer [42 bytes]
278459.927133 [NR_RRC] A [UL] (cellID bc614e, UE ID 1 RNTI 6bd1) Received RRC UL Information Transfer [24 bytes]
278459.941544 [NR_RRC] A [DL] (cellID bc614e, UE ID 1 RNTI 6bd1) Send DL Information Transfer [21 bytes]
278459.951280 [NR_RRC] A [UL] (cellID bc614e, UE ID 1 RNTI 6bd1) Received RRC UL Information Transfer [60 bytes]
278459.962730 [NGAP] D NGAP_FIND_PROTOCOLIE_BY_ID ie is NULL (searching for ie: 110)
278459.962743 [NGAP] D NGAP_FIND_PROTOCOLIE_BY_ID ie is NULL (searching for ie: 71)
278459.962745 [NGAP] D AllowedNSSAI.list.count 2
278459.962765 [NR_RRC] A [--] (cellID bc614e, UE ID 1 RNTI 6bd1) Selected security algorithms: ciphering 0, integrity 2
278459.962775 [NR_RRC] I [UE 6bd1] Saved security key 82
278459.966281 [NR_RRC] I UE 1 Logical Channel DL-DCCH, Generate SecurityModeCommand (bytes 3)
278459.977273 [NR_RRC] A [UL] (cellID bc614e, UE ID 1 RNTI 6bd1) Received Security Mode Complete
278459.978678 [NR_RRC] I UE 1: Logical Channel DL-DCCH, Generate NR UECapabilityEnquiry (bytes 8, xid 1)
278459.987356 [NR_RRC] A [UL] (cellID bc614e, UE ID 1 RNTI 6bd1) Received UE capabilities
278459.987380 [NR_RRC] I Send message to ngap: NGAP_UE_CAPABILITIES_IND
278459.987497 [NR_RRC] A [DL] (cellID bc614e, UE ID 1 RNTI 6bd1) Send DL Information Transfer [57 bytes]
278459.987503 [NR_RRC] I Send message to sctp: NGAP_InitialContextSetupResponse
278459.996711 [NR_RRC] A [UL] (cellID bc614e, UE ID 1 RNTI 6bd1) Received RRC UL Information Transfer [13 bytes]
278459.997096 [NR_RRC] A [UL] (cellID bc614e, UE ID 1 RNTI 6bd1) Received RRC UL Information Transfer [40 bytes]
278460.009303 [NR_MAC] I Frame.Slot 256.0
UE RNTI 6bd1 CU-UE-ID 1 in-sync PH 61 dB PCMAX 20 dBm, average RSRP -44 (5 meas)
UE 6bd1: dlsch_rounds 11/0/0/0, dlsch_errors 0, pucch0_DTX 0, BLER 0.07290 MCS (0) 0 CCE fail 0
UE 6bd1: ulsch_rounds 29/0/0/0, ulsch_errors 0, ulsch_DTX 0, BLER 0.07290 MCS (0) 0 (Qm 2 deltaMCS 0 dB) NPRB 8  SNR 50.5 dB CCE fail 0
UE 6bd1: MAC:    TX            333 RX            783 bytes
UE 6bd1: LCID 1: TX            198 RX            269 bytes

278460.014490 [NGAP] I PDUSESSIONSetup initiating message
278460.014681 [NR_RRC] I UE 1: received PDU Session Resource Setup Request
278460.014693 [NR_RRC] I Added QoS flow with qfi=1, total number of QoS flows = 1
278460.014714 [NR_RRC] I Added PDU Session 10, (total nb of sessions = 1)
278460.015867 [NR_RRC] I Bearer Context Setup: PDU Session ID=10, incoming TEID=0x00000001, Addr=192.168.71.129
278460.015876 [NR_RRC] I Added DRB 1 to established list (PDU Session ID=10, total DRBs = 1)
278460.015878 [NR_RRC] I UE 1: added DRB 1 for PDU session ID 10
278460.015883 [NR_RRC] A [--] (cellID bc614e, UE ID 1 RNTI 6bd1) selecting CU-UP ID 3584 based on exact NSSAI match (5:0xffffff)
278460.015885 [RRC] I UE 1 associating to CU-UP assoc_id -1 out of 1 CU-UPs
278460.015911 [E1AP] I UE 1: add PDU session ID 10 (1 bearers)
278460.015921 [GTPU] I [91] UE ID 1: Create tunnel TEID incoming 95259aa5 outgoing 1 to remote IPv4 192.168.71.129, IPv6 ::, port 2152
278460.015929 [PDCP] I added drb 1 to UE ID 1
278460.015952 [SDAP] I Default DRB for the created SDAP entity: 1 
278460.016062 [RRC] I activate SRB 2 of UE 1
278460.017266 [RLC] I Added srb 2 to UE 27601
278460.017512 [RLC] I Added drb 1 to UE 27601
278460.017516 [RLC] I Added DRB to UE 27601
278460.017609 [RRC] I UE 1 trigger UE context setup request with 1 DRBs
278460.017665 [RRC] I UE 6bd1 replacing existing CellGroupConfig with new one received from DU
278460.017777 [E1AP] I UE 1: updating PDU session ID 10 (1 bearers)
278460.017781 [PDCP] I DRB 1 re-established
278460.018091 [NR_RRC] A [DL] (cellID bc614e, UE ID 1 RNTI 6bd1) Generate RRCReconfiguration (bytes 317, xid 3)
278460.018122 [RRC] I UE 1: PDU session ID 10 modified 1 bearers
278460.032585 [NR_RRC] A [UL] (cellID bc614e, UE ID 1 RNTI 6bd1) Received RRCReconfigurationComplete
278460.032619 [NR_RRC] I PDU Session Setup: ID=10, outgoing TEID=0x95259aa5, Addr=192.168.71.153
278460.032622 [NR_RRC] I NGAP_PDUSESSION_SETUP_RESP: sending the message
278460.032656 [NGAP] D Encoded PDU Session Transfer (10): TEID=0x95259aa5, Addr=192.168.71.153
278460.032770 [NR_MAC] I DU received confirmation of successful RRC Reconfiguration
278460.357055 [NR_MAC] I Frame.Slot 384.0
UE RNTI 6bd1 CU-UE-ID 1 in-sync PH 61 dB PCMAX 20 dBm, average RSRP -44 (16 meas)
UE 6bd1: dlsch_rounds 16/0/0/0, dlsch_errors 0, pucch0_DTX 0, BLER 0.05314 MCS (0) 0 CCE fail 0
UE 6bd1: ulsch_rounds 51/0/0/0, ulsch_errors 0, ulsch_DTX 0, BLER 0.02059 MCS (0) 0 (Qm 2 deltaMCS 0 dB) NPRB 12  SNR 51.0 dB CCE fail 0
UE 6bd1: MAC:    TX            728 RX           1359 bytes
UE 6bd1: LCID 1: TX            530 RX            286 bytes
UE 6bd1: LCID 2: TX              0 RX              0 bytes
UE 6bd1: LCID 4: TX              3 RX             76 bytes

278460.705675 [NR_MAC] I Frame.Slot 512.0
UE RNTI 6bd1 CU-UE-ID 1 in-sync PH 48 dB PCMAX 20 dBm, average RSRP -44 (16 meas)
UE 6bd1: dlsch_rounds 18/0/0/0, dlsch_errors 0, pucch0_DTX 0, BLER 0.04305 MCS (0) 0 CCE fail 0
UE 6bd1: ulsch_rounds 64/0/0/0, ulsch_errors 0, ulsch_DTX 0, BLER 0.00523 MCS (0) 0 (Qm 2 deltaMCS 0 dB) NPRB 5  SNR 51.0 dB CCE fail 0
UE 6bd1: MAC:    TX            770 RX           1625 bytes
UE 6bd1: LCID 1: TX            530 RX            286 bytes
UE 6bd1: LCID 2: TX              0 RX              0 bytes
UE 6bd1: LCID 4: TX              3 RX             76 bytes

278461.081780 [NR_MAC] I Frame.Slot 640.0
UE RNTI 6bd1 CU-UE-ID 1 in-sync PH 48 dB PCMAX 20 dBm, average RSRP -44 (16 meas)
UE 6bd1: dlsch_rounds 19/0/0/0, dlsch_errors 0, pucch0_DTX 0, BLER 0.03874 MCS (0) 0 CCE fail 0
UE 6bd1: ulsch_rounds 77/0/0/0, ulsch_errors 0, ulsch_DTX 0, BLER 0.00133 MCS (0) 0 (Qm 2 deltaMCS 0 dB) NPRB 5  SNR 51.0 dB CCE fail 0
UE 6bd1: MAC:    TX            791 RX           1885 bytes
UE 6bd1: LCID 1: TX            530 RX            286 bytes
UE 6bd1: LCID 2: TX              0 RX              0 bytes
UE 6bd1: LCID 4: TX              3 RX             76 bytes

278461.468386 [NR_MAC] I Frame.Slot 768.0
UE RNTI 6bd1 CU-UE-ID 1 in-sync PH 48 dB PCMAX 20 dBm, average RSRP -44 (16 meas)
UE 6bd1: dlsch_rounds 20/0/0/0, dlsch_errors 0, pucch0_DTX 0, BLER 0.03487 MCS (0) 0 CCE fail 0
UE 6bd1: ulsch_rounds 90/0/0/0, ulsch_errors 0, ulsch_DTX 0, BLER 0.00034 MCS (0) 0 (Qm 2 deltaMCS 0 dB) NPRB 5  SNR 51.0 dB CCE fail 0
UE 6bd1: MAC:    TX            812 RX           2145 bytes
UE 6bd1: LCID 1: TX            530 RX            286 bytes
UE 6bd1: LCID 2: TX              0 RX              0 bytes
UE 6bd1: LCID 4: TX              3 RX             76 bytes

278461.828375 [NR_MAC] I Frame.Slot 896.0
UE RNTI 6bd1 CU-UE-ID 1 in-sync PH 48 dB PCMAX 20 dBm, average RSRP -44 (16 meas)
UE 6bd1: dlsch_rounds 21/0/0/0, dlsch_errors 0, pucch0_DTX 0, BLER 0.03138 MCS (0) 0 CCE fail 0
UE 6bd1: ulsch_rounds 103/0/0/0, ulsch_errors 0, ulsch_DTX 0, BLER 0.00009 MCS (0) 0 (Qm 2 deltaMCS 0 dB) NPRB 5  SNR 51.0 dB CCE fail 0
UE 6bd1: MAC:    TX            833 RX           2405 bytes
UE 6bd1: LCID 1: TX            530 RX            286 bytes
UE 6bd1: LCID 2: TX              0 RX              0 bytes
UE 6bd1: LCID 4: TX              3 RX             76 bytes

278462.165220 [NR_MAC] I Frame.Slot 0.0
UE RNTI 6bd1 CU-UE-ID 1 in-sync PH 48 dB PCMAX 20 dBm, average RSRP -44 (16 meas)
UE 6bd1: dlsch_rounds 23/0/0/0, dlsch_errors 0, pucch0_DTX 0, BLER 0.02542 MCS (0) 0 CCE fail 0
UE 6bd1: ulsch_rounds 115/0/0/0, ulsch_errors 0, ulsch_DTX 0, BLER 0.00002 MCS (0) 0 (Qm 2 deltaMCS 0 dB) NPRB 5  SNR 51.0 dB CCE fail 0
UE 6bd1: MAC:    TX            875 RX           2645 bytes
UE 6bd1: LCID 1: TX            530 RX            286 bytes
UE 6bd1: LCID 2: TX              0 RX              0 bytes
UE 6bd1: LCID 4: TX              3 RX             76 bytes

278462.541297 [NR_MAC] I Frame.Slot 128.0
UE RNTI 6bd1 CU-UE-ID 1 in-sync PH 48 dB PCMAX 20 dBm, average RSRP -44 (16 meas)
UE 6bd1: dlsch_rounds 24/0/0/0, dlsch_errors 0, pucch0_DTX 0, BLER 0.02288 MCS (0) 0 CCE fail 0
UE 6bd1: ulsch_rounds 128/0/0/0, ulsch_errors 0, ulsch_DTX 0, BLER 0.00001 MCS (0) 0 (Qm 2 deltaMCS 0 dB) NPRB 5  SNR 51.0 dB CCE fail 0
UE 6bd1: MAC:    TX            896 RX           2905 bytes
UE 6bd1: LCID 1: TX            530 RX            286 bytes
UE 6bd1: LCID 2: TX              0 RX              0 bytes
UE 6bd1: LCID 4: TX              3 RX             76 bytes

278462.933557 [NR_MAC] I Frame.Slot 256.0
UE RNTI 6bd1 CU-UE-ID 1 in-sync PH 48 dB PCMAX 20 dBm, average RSRP -44 (16 meas)
UE 6bd1: dlsch_rounds 25/0/0/0, dlsch_errors 0, pucch0_DTX 0, BLER 0.02059 MCS (0) 0 CCE fail 0
UE 6bd1: ulsch_rounds 141/0/0/0, ulsch_errors 0, ulsch_DTX 0, BLER 0.00000 MCS (0) 0 (Qm 2 deltaMCS 0 dB) NPRB 5  SNR 51.0 dB CCE fail 0
UE 6bd1: MAC:    TX            917 RX           3165 bytes
UE 6bd1: LCID 1: TX            530 RX            286 bytes
UE 6bd1: LCID 2: TX              0 RX              0 bytes
UE 6bd1: LCID 4: TX              3 RX             76 bytes

278463.437913 [NR_MAC] I Frame.Slot 384.0
UE RNTI 6bd1 CU-UE-ID 1 in-sync PH 48 dB PCMAX 20 dBm, average RSRP -44 (16 meas)
UE 6bd1: dlsch_rounds 26/0/0/0, dlsch_errors 0, pucch0_DTX 0, BLER 0.01853 MCS (0) 0 CCE fail 0
UE 6bd1: ulsch_rounds 154/0/0/0, ulsch_errors 0, ulsch_DTX 0, BLER 0.00000 MCS (0) 0 (Qm 2 deltaMCS 0 dB) NPRB 5  SNR 51.0 dB CCE fail 0
UE 6bd1: MAC:    TX            938 RX           3425 bytes
UE 6bd1: LCID 1: TX            530 RX            286 bytes
UE 6bd1: LCID 2: TX              0 RX              0 bytes
UE 6bd1: LCID 4: TX              3 RX             76 bytes

278463.913539 [NR_MAC] I Frame.Slot 512.0
UE RNTI 6bd1 CU-UE-ID 1 in-sync PH 48 dB PCMAX 20 dBm, average RSRP -44 (16 meas)
UE 6bd1: dlsch_rounds 28/0/0/0, dlsch_errors 0, pucch0_DTX 0, BLER 0.01501 MCS (0) 0 CCE fail 0
UE 6bd1: ulsch_rounds 167/0/0/0, ulsch_errors 0, ulsch_DTX 0, BLER 0.00000 MCS (0) 0 (Qm 2 deltaMCS 0 dB) NPRB 5  SNR 51.0 dB CCE fail 0
UE 6bd1: MAC:    TX            980 RX           3685 bytes
UE 6bd1: LCID 1: TX            530 RX            286 bytes
UE 6bd1: LCID 2: TX              0 RX              0 bytes
UE 6bd1: LCID 4: TX              3 RX             76 bytes

278464.460288 [NR_MAC] I Frame.Slot 640.0
UE RNTI 6bd1 CU-UE-ID 1 in-sync PH 48 dB PCMAX 20 dBm, average RSRP -44 (16 meas)
UE 6bd1: dlsch_rounds 29/0/0/0, dlsch_errors 0, pucch0_DTX 0, BLER 0.01351 MCS (0) 0 CCE fail 0
UE 6bd1: ulsch_rounds 179/0/0/0, ulsch_errors 0, ulsch_DTX 0, BLER 0.00000 MCS (0) 0 (Qm 2 deltaMCS 0 dB) NPRB 5  SNR 51.0 dB CCE fail 0
UE 6bd1: MAC:    TX           1001 RX           3925 bytes
UE 6bd1: LCID 1: TX            530 RX            286 bytes
UE 6bd1: LCID 2: TX              0 RX              0 bytes
UE 6bd1: LCID 4: TX              3 RX             76 bytes

278465.051120 [NR_MAC] I Frame.Slot 768.0
UE RNTI 6bd1 CU-UE-ID 1 in-sync PH 48 dB PCMAX 20 dBm, average RSRP -44 (16 meas)
UE 6bd1: dlsch_rounds 30/0/0/0, dlsch_errors 0, pucch0_DTX 0, BLER 0.01216 MCS (0) 0 CCE fail 0
UE 6bd1: ulsch_rounds 192/0/0/0, ulsch_errors 0, ulsch_DTX 0, BLER 0.00000 MCS (0) 0 (Qm 2 deltaMCS 0 dB) NPRB 5  SNR 51.0 dB CCE fail 0
UE 6bd1: MAC:    TX           1022 RX           4185 bytes
UE 6bd1: LCID 1: TX            530 RX            286 bytes
UE 6bd1: LCID 2: TX              0 RX              0 bytes
UE 6bd1: LCID 4: TX              3 RX             76 bytes

278465.690161 [NR_MAC] I Frame.Slot 896.0
UE RNTI 6bd1 CU-UE-ID 1 in-sync PH 48 dB PCMAX 20 dBm, average RSRP -44 (16 meas)
UE 6bd1: dlsch_rounds 33/0/0/0, dlsch_errors 0, pucch0_DTX 0, BLER 0.00985 MCS (0) 0 CCE fail 0
UE 6bd1: ulsch_rounds 210/0/0/0, ulsch_errors 0, ulsch_DTX 0, BLER 0.00000 MCS (0) 0 (Qm 2 deltaMCS 0 dB) NPRB 5  SNR 51.0 dB CCE fail 0
UE 6bd1: MAC:    TX           1085 RX           4727 bytes
UE 6bd1: LCID 1: TX            530 RX            286 bytes
UE 6bd1: LCID 2: TX              0 RX              0 bytes
UE 6bd1: LCID 4: TX              6 RX            152 bytes

278466.378565 [NR_MAC] I Frame.Slot 0.0
UE RNTI 6bd1 CU-UE-ID 1 in-sync PH 48 dB PCMAX 20 dBm, average RSRP -44 (16 meas)
UE 6bd1: dlsch_rounds 34/0/0/0, dlsch_errors 0, pucch0_DTX 0, BLER 0.00886 MCS (0) 0 CCE fail 0
UE 6bd1: ulsch_rounds 223/0/0/0, ulsch_errors 0, ulsch_DTX 0, BLER 0.00000 MCS (0) 0 (Qm 2 deltaMCS 0 dB) NPRB 5  SNR 51.0 dB CCE fail 0
UE 6bd1: MAC:    TX           1106 RX           4987 bytes
UE 6bd1: LCID 1: TX            530 RX            286 bytes
UE 6bd1: LCID 2: TX              0 RX              0 bytes
UE 6bd1: LCID 4: TX              6 RX            152 bytes

278467.181769 [NR_MAC] I Frame.Slot 128.0
UE RNTI 6bd1 CU-UE-ID 1 in-sync PH 48 dB PCMAX 20 dBm, average RSRP -44 (16 meas)
UE 6bd1: dlsch_rounds 35/0/0/0, dlsch_errors 0, pucch0_DTX 0, BLER 0.00798 MCS (0) 0 CCE fail 0
UE 6bd1: ulsch_rounds 236/0/0/0, ulsch_errors 0, ulsch_DTX 0, BLER 0.00000 MCS (0) 0 (Qm 2 deltaMCS 0 dB) NPRB 5  SNR 51.0 dB CCE fail 0
UE 6bd1: MAC:    TX           1127 RX           5247 bytes
UE 6bd1: LCID 1: TX            530 RX            286 bytes
UE 6bd1: LCID 2: TX              0 RX              0 bytes
UE 6bd1: LCID 4: TX              6 RX            152 bytes

278467.944064 [NR_MAC] I Frame.Slot 256.0
UE RNTI 6bd1 CU-UE-ID 1 in-sync PH 48 dB PCMAX 20 dBm, average RSRP -44 (16 meas)
UE 6bd1: dlsch_rounds 36/0/0/0, dlsch_errors 0, pucch0_DTX 0, BLER 0.00718 MCS (0) 0 CCE fail 0
UE 6bd1: ulsch_rounds 249/0/0/0, ulsch_errors 0, ulsch_DTX 0, BLER 0.00000 MCS (0) 0 (Qm 2 deltaMCS 0 dB) NPRB 5  SNR 51.0 dB CCE fail 0
UE 6bd1: MAC:    TX           1148 RX           5507 bytes
UE 6bd1: LCID 1: TX            530 RX            286 bytes
UE 6bd1: LCID 2: TX              0 RX              0 bytes
UE 6bd1: LCID 4: TX              6 RX            152 bytes

278468.594552 [NR_MAC] I Frame.Slot 384.0
UE RNTI 6bd1 CU-UE-ID 1 in-sync PH 48 dB PCMAX 20 dBm, average RSRP -44 (16 meas)
UE 6bd1: dlsch_rounds 38/0/0/0, dlsch_errors 0, pucch0_DTX 0, BLER 0.00581 MCS (0) 0 CCE fail 0
UE 6bd1: ulsch_rounds 261/0/0/0, ulsch_errors 0, ulsch_DTX 0, BLER 0.00000 MCS (0) 0 (Qm 2 deltaMCS 0 dB) NPRB 5  SNR 51.0 dB CCE fail 0
UE 6bd1: MAC:    TX           1190 RX           5747 bytes
UE 6bd1: LCID 1: TX            530 RX            286 bytes
UE 6bd1: LCID 2: TX              0 RX              0 bytes
UE 6bd1: LCID 4: TX              6 RX            152 bytes

278469.211028 [NR_MAC] I Frame.Slot 512.0
UE RNTI 6bd1 CU-UE-ID 1 in-sync PH 48 dB PCMAX 20 dBm, average RSRP -44 (16 meas)
UE 6bd1: dlsch_rounds 39/0/0/0, dlsch_errors 0, pucch0_DTX 0, BLER 0.00523 MCS (0) 0 CCE fail 0
UE 6bd1: ulsch_rounds 274/0/0/0, ulsch_errors 0, ulsch_DTX 0, BLER 0.00000 MCS (0) 0 (Qm 2 deltaMCS 0 dB) NPRB 5  SNR 51.0 dB CCE fail 0
UE 6bd1: MAC:    TX           1211 RX           6007 bytes
UE 6bd1: LCID 1: TX            530 RX            286 bytes
UE 6bd1: LCID 2: TX              0 RX              0 bytes
UE 6bd1: LCID 4: TX              6 RX            152 bytes

278469.816483 [NR_MAC] I Frame.Slot 640.0
UE RNTI 6bd1 CU-UE-ID 1 in-sync PH 48 dB PCMAX 20 dBm, average RSRP -44 (16 meas)
UE 6bd1: dlsch_rounds 40/0/0/0, dlsch_errors 0, pucch0_DTX 0, BLER 0.00471 MCS (0) 0 CCE fail 0
UE 6bd1: ulsch_rounds 287/0/0/0, ulsch_errors 0, ulsch_DTX 0, BLER 0.00000 MCS (0) 0 (Qm 2 deltaMCS 0 dB) NPRB 5  SNR 51.0 dB CCE fail 0
UE 6bd1: MAC:    TX           1232 RX           6267 bytes
UE 6bd1: LCID 1: TX            530 RX            286 bytes
UE 6bd1: LCID 2: TX              0 RX              0 bytes
UE 6bd1: LCID 4: TX              6 RX            152 bytes

278470.495989 [NR_MAC] I Frame.Slot 768.0
UE RNTI 6bd1 CU-UE-ID 1 in-sync PH 48 dB PCMAX 20 dBm, average RSRP -44 (16 meas)
UE 6bd1: dlsch_rounds 42/0/0/0, dlsch_errors 0, pucch0_DTX 0, BLER 0.00382 MCS (0) 0 CCE fail 0
UE 6bd1: ulsch_rounds 300/0/0/0, ulsch_errors 0, ulsch_DTX 0, BLER 0.00000 MCS (0) 0 (Qm 2 deltaMCS 0 dB) NPRB 5  SNR 51.0 dB CCE fail 0
UE 6bd1: MAC:    TX           1274 RX           6527 bytes
UE 6bd1: LCID 1: TX            530 RX            286 bytes
UE 6bd1: LCID 2: TX              0 RX              0 bytes
UE 6bd1: LCID 4: TX              6 RX            152 bytes

278471.354413 [NR_MAC] I Frame.Slot 896.0
UE RNTI 6bd1 CU-UE-ID 1 in-sync PH 48 dB PCMAX 20 dBm, average RSRP -44 (16 meas)
UE 6bd1: dlsch_rounds 43/0/0/0, dlsch_errors 0, pucch0_DTX 0, BLER 0.00343 MCS (0) 0 CCE fail 0
UE 6bd1: ulsch_rounds 313/0/0/0, ulsch_errors 0, ulsch_DTX 0, BLER 0.00000 MCS (0) 0 (Qm 2 deltaMCS 0 dB) NPRB 5  SNR 51.0 dB CCE fail 0
UE 6bd1: MAC:    TX           1295 RX           6787 bytes
UE 6bd1: LCID 1: TX            530 RX            286 bytes
UE 6bd1: LCID 2: TX              0 RX              0 bytes
UE 6bd1: LCID 4: TX              6 RX            152 bytes

278472.214791 [NR_MAC] I Frame.Slot 0.0
UE RNTI 6bd1 CU-UE-ID 1 in-sync PH 48 dB PCMAX 20 dBm, average RSRP -44 (16 meas)
UE 6bd1: dlsch_rounds 44/0/0/0, dlsch_errors 0, pucch0_DTX 0, BLER 0.00309 MCS (0) 0 CCE fail 0
UE 6bd1: ulsch_rounds 325/0/0/0, ulsch_errors 0, ulsch_DTX 0, BLER 0.00000 MCS (0) 0 (Qm 2 deltaMCS 0 dB) NPRB 5  SNR 51.0 dB CCE fail 0
UE 6bd1: MAC:    TX           1316 RX           7027 bytes
UE 6bd1: LCID 1: TX            530 RX            286 bytes
UE 6bd1: LCID 2: TX              0 RX              0 bytes
UE 6bd1: LCID 4: TX              6 RX            152 bytes

278473.208024 [NR_MAC] I Frame.Slot 128.0
UE RNTI 6bd1 CU-UE-ID 1 in-sync PH 48 dB PCMAX 20 dBm, average RSRP -44 (16 meas)
UE 6bd1: dlsch_rounds 45/0/0/0, dlsch_errors 0, pucch0_DTX 0, BLER 0.00278 MCS (0) 0 CCE fail 0
UE 6bd1: ulsch_rounds 338/0/0/0, ulsch_errors 0, ulsch_DTX 0, BLER 0.00000 MCS (0) 0 (Qm 2 deltaMCS 0 dB) NPRB 5  SNR 51.0 dB CCE fail 0
UE 6bd1: MAC:    TX           1337 RX           7287 bytes
UE 6bd1: LCID 1: TX            530 RX            286 bytes
UE 6bd1: LCID 2: TX              0 RX              0 bytes
UE 6bd1: LCID 4: TX              6 RX            152 bytes

278474.105722 [NR_MAC] I Frame.Slot 256.0
UE RNTI 6bd1 CU-UE-ID 1 in-sync PH 48 dB PCMAX 20 dBm, average RSRP -44 (16 meas)
UE 6bd1: dlsch_rounds 48/0/0/0, dlsch_errors 0, pucch0_DTX 0, BLER 0.00203 MCS (0) 0 CCE fail 0
UE 6bd1: ulsch_rounds 356/0/0/0, ulsch_errors 0, ulsch_DTX 0, BLER 0.00000 MCS (0) 0 (Qm 2 deltaMCS 0 dB) NPRB 5  SNR 51.0 dB CCE fail 0
UE 6bd1: MAC:    TX           1400 RX           7829 bytes
UE 6bd1: LCID 1: TX            530 RX            286 bytes
UE 6bd1: LCID 2: TX              0 RX              0 bytes
UE 6bd1: LCID 4: TX              9 RX            228 bytes

278475.052924 [NR_MAC] I Frame.Slot 384.0
UE RNTI 6bd1 CU-UE-ID 1 in-sync PH 48 dB PCMAX 20 dBm, average RSRP -44 (16 meas)
UE 6bd1: dlsch_rounds 49/0/0/0, dlsch_errors 0, pucch0_DTX 0, BLER 0.00182 MCS (0) 0 CCE fail 0
UE 6bd1: ulsch_rounds 369/0/0/0, ulsch_errors 0, ulsch_DTX 0, BLER 0.00000 MCS (0) 0 (Qm 2 deltaMCS 0 dB) NPRB 5  SNR 51.0 dB CCE fail 0
UE 6bd1: MAC:    TX           1421 RX           8089 bytes
UE 6bd1: LCID 1: TX            530 RX            286 bytes
UE 6bd1: LCID 2: TX              0 RX              0 bytes
UE 6bd1: LCID 4: TX              9 RX            228 bytes

278475.978584 [NR_MAC] I Frame.Slot 512.0
UE RNTI 6bd1 CU-UE-ID 1 in-sync PH 48 dB PCMAX 20 dBm, average RSRP -44 (16 meas)
UE 6bd1: dlsch_rounds 50/0/0/0, dlsch_errors 0, pucch0_DTX 0, BLER 0.00164 MCS (0) 0 CCE fail 0
UE 6bd1: ulsch_rounds 382/0/0/0, ulsch_errors 0, ulsch_DTX 0, BLER 0.00000 MCS (0) 0 (Qm 2 deltaMCS 0 dB) NPRB 5  SNR 51.0 dB CCE fail 0
UE 6bd1: MAC:    TX           1442 RX           8349 bytes
UE 6bd1: LCID 1: TX            530 RX            286 bytes
UE 6bd1: LCID 2: TX              0 RX              0 bytes
UE 6bd1: LCID 4: TX              9 RX            228 bytes

278476.807266 [NR_MAC] I Frame.Slot 640.0
UE RNTI 6bd1 CU-UE-ID 1 in-sync PH 48 dB PCMAX 20 dBm, average RSRP -44 (16 meas)
UE 6bd1: dlsch_rounds 52/0/0/0, dlsch_errors 0, pucch0_DTX 0, BLER 0.00133 MCS (0) 0 CCE fail 0
UE 6bd1: ulsch_rounds 395/0/0/0, ulsch_errors 0, ulsch_DTX 0, BLER 0.00000 MCS (0) 0 (Qm 2 deltaMCS 0 dB) NPRB 5  SNR 51.0 dB CCE fail 0
UE 6bd1: MAC:    TX           1484 RX           8609 bytes
UE 6bd1: LCID 1: TX            530 RX            286 bytes
UE 6bd1: LCID 2: TX              0 RX              0 bytes
UE 6bd1: LCID 4: TX              9 RX            228 bytes

278477.639506 [NR_MAC] I Frame.Slot 768.0
UE RNTI 6bd1 CU-UE-ID 1 in-sync PH 48 dB PCMAX 20 dBm, average RSRP -44 (16 meas)
UE 6bd1: dlsch_rounds 53/0/0/0, dlsch_errors 0, pucch0_DTX 0, BLER 0.00120 MCS (0) 0 CCE fail 0
UE 6bd1: ulsch_rounds 407/0/0/0, ulsch_errors 0, ulsch_DTX 0, BLER 0.00000 MCS (0) 0 (Qm 2 deltaMCS 0 dB) NPRB 5  SNR 51.0 dB CCE fail 0
UE 6bd1: MAC:    TX           1505 RX           8849 bytes
UE 6bd1: LCID 1: TX            530 RX            286 bytes
UE 6bd1: LCID 2: TX              0 RX              0 bytes
UE 6bd1: LCID 4: TX              9 RX            228 bytes

278478.455029 [NR_MAC] I Frame.Slot 896.0
UE RNTI 6bd1 CU-UE-ID 1 in-sync PH 48 dB PCMAX 20 dBm, average RSRP -44 (16 meas)
UE 6bd1: dlsch_rounds 54/0/0/0, dlsch_errors 0, pucch0_DTX 0, BLER 0.00108 MCS (0) 0 CCE fail 0
UE 6bd1: ulsch_rounds 420/0/0/0, ulsch_errors 0, ulsch_DTX 0, BLER 0.00000 MCS (0) 0 (Qm 2 deltaMCS 0 dB) NPRB 5  SNR 51.0 dB CCE fail 0
UE 6bd1: MAC:    TX           1526 RX           9109 bytes
UE 6bd1: LCID 1: TX            530 RX            286 bytes
UE 6bd1: LCID 2: TX              0 RX              0 bytes
UE 6bd1: LCID 4: TX              9 RX            228 bytes

278479.186709 [NR_MAC] I Frame.Slot 0.0
UE RNTI 6bd1 CU-UE-ID 1 in-sync PH 48 dB PCMAX 20 dBm, average RSRP -44 (16 meas)
UE 6bd1: dlsch_rounds 55/0/0/0, dlsch_errors 0, pucch0_DTX 0, BLER 0.00097 MCS (0) 0 CCE fail 0
UE 6bd1: ulsch_rounds 433/0/0/0, ulsch_errors 0, ulsch_DTX 0, BLER 0.00000 MCS (0) 0 (Qm 2 deltaMCS 0 dB) NPRB 5  SNR 51.0 dB CCE fail 0
UE 6bd1: MAC:    TX           1547 RX           9369 bytes
UE 6bd1: LCID 1: TX            530 RX            286 bytes
UE 6bd1: LCID 2: TX              0 RX              0 bytes
UE 6bd1: LCID 4: TX              9 RX            228 bytes

278479.945038 [NR_MAC] I Frame.Slot 128.0
UE RNTI 6bd1 CU-UE-ID 1 in-sync PH 48 dB PCMAX 20 dBm, average RSRP -44 (16 meas)
UE 6bd1: dlsch_rounds 57/0/0/0, dlsch_errors 0, pucch0_DTX 0, BLER 0.00079 MCS (0) 0 CCE fail 0
UE 6bd1: ulsch_rounds 446/0/0/0, ulsch_errors 0, ulsch_DTX 0, BLER 0.00000 MCS (0) 0 (Qm 2 deltaMCS 0 dB) NPRB 5  SNR 51.0 dB CCE fail 0
UE 6bd1: MAC:    TX           1589 RX           9629 bytes
UE 6bd1: LCID 1: TX            530 RX            286 bytes
UE 6bd1: LCID 2: TX              0 RX              0 bytes
UE 6bd1: LCID 4: TX              9 RX            228 bytes

278480.695927 [NR_MAC] I Frame.Slot 256.0
UE RNTI 6bd1 CU-UE-ID 1 in-sync PH 48 dB PCMAX 20 dBm, average RSRP -44 (16 meas)
UE 6bd1: dlsch_rounds 58/0/0/0, dlsch_errors 0, pucch0_DTX 0, BLER 0.00071 MCS (0) 0 CCE fail 0
UE 6bd1: ulsch_rounds 459/0/0/0, ulsch_errors 0, ulsch_DTX 0, BLER 0.00000 MCS (0) 0 (Qm 2 deltaMCS 0 dB) NPRB 5  SNR 51.0 dB CCE fail 0
UE 6bd1: MAC:    TX           1610 RX           9889 bytes
UE 6bd1: LCID 1: TX            530 RX            286 bytes
UE 6bd1: LCID 2: TX              0 RX              0 bytes
UE 6bd1: LCID 4: TX              9 RX            228 bytes

278481.470926 [NR_MAC] I Frame.Slot 384.0
UE RNTI 6bd1 CU-UE-ID 1 in-sync PH 48 dB PCMAX 20 dBm, average RSRP -44 (16 meas)
UE 6bd1: dlsch_rounds 59/0/0/0, dlsch_errors 0, pucch0_DTX 0, BLER 0.00064 MCS (0) 0 CCE fail 0
UE 6bd1: ulsch_rounds 471/0/0/0, ulsch_errors 0, ulsch_DTX 0, BLER 0.00000 MCS (0) 0 (Qm 2 deltaMCS 0 dB) NPRB 5  SNR 51.0 dB CCE fail 0
UE 6bd1: MAC:    TX           1631 RX          10129 bytes
UE 6bd1: LCID 1: TX            530 RX            286 bytes
UE 6bd1: LCID 2: TX              0 RX              0 bytes
UE 6bd1: LCID 4: TX              9 RX            228 bytes

278482.216190 [NR_MAC] I Frame.Slot 512.0
UE RNTI 6bd1 CU-UE-ID 1 in-sync PH 48 dB PCMAX 20 dBm, average RSRP -44 (16 meas)
UE 6bd1: dlsch_rounds 60/0/0/0, dlsch_errors 0, pucch0_DTX 0, BLER 0.00057 MCS (0) 0 CCE fail 0
UE 6bd1: ulsch_rounds 484/0/0/0, ulsch_errors 0, ulsch_DTX 0, BLER 0.00000 MCS (0) 0 (Qm 2 deltaMCS 0 dB) NPRB 5  SNR 51.0 dB CCE fail 0
UE 6bd1: MAC:    TX           1652 RX          10389 bytes
UE 6bd1: LCID 1: TX            530 RX            286 bytes
UE 6bd1: LCID 2: TX              0 RX              0 bytes
UE 6bd1: LCID 4: TX              9 RX            228 bytes

278482.938412 [NR_MAC] I Frame.Slot 640.0
UE RNTI 6bd1 CU-UE-ID 1 in-sync PH 48 dB PCMAX 20 dBm, average RSRP -44 (16 meas)
UE 6bd1: dlsch_rounds 62/0/0/0, dlsch_errors 0, pucch0_DTX 0, BLER 0.00046 MCS (0) 0 CCE fail 0
UE 6bd1: ulsch_rounds 497/0/0/0, ulsch_errors 0, ulsch_DTX 0, BLER 0.00000 MCS (0) 0 (Qm 2 deltaMCS 0 dB) NPRB 5  SNR 51.0 dB CCE fail 0
UE 6bd1: MAC:    TX           1694 RX          10649 bytes
UE 6bd1: LCID 1: TX            530 RX            286 bytes
UE 6bd1: LCID 2: TX              0 RX              0 bytes
UE 6bd1: LCID 4: TX              9 RX            228 bytes

278483.624610 [NR_MAC] I Frame.Slot 768.0
UE RNTI 6bd1 CU-UE-ID 1 in-sync PH 48 dB PCMAX 20 dBm, average RSRP -44 (16 meas)
UE 6bd1: dlsch_rounds 63/0/0/0, dlsch_errors 0, pucch0_DTX 0, BLER 0.00042 MCS (0) 0 CCE fail 0
UE 6bd1: ulsch_rounds 510/0/0/0, ulsch_errors 0, ulsch_DTX 0, BLER 0.00000 MCS (0) 0 (Qm 2 deltaMCS 0 dB) NPRB 5  SNR 51.0 dB CCE fail 0
UE 6bd1: MAC:    TX           1715 RX          10909 bytes
UE 6bd1: LCID 1: TX            530 RX            286 bytes
UE 6bd1: LCID 2: TX              0 RX              0 bytes
UE 6bd1: LCID 4: TX              9 RX            228 bytes

278484.278796 [NR_MAC] I Frame.Slot 896.0
UE RNTI 6bd1 CU-UE-ID 1 in-sync PH 48 dB PCMAX 20 dBm, average RSRP -44 (16 meas)
UE 6bd1: dlsch_rounds 64/0/0/0, dlsch_errors 0, pucch0_DTX 0, BLER 0.00038 MCS (0) 0 CCE fail 0
UE 6bd1: ulsch_rounds 523/0/0/0, ulsch_errors 0, ulsch_DTX 0, BLER 0.00000 MCS (0) 0 (Qm 2 deltaMCS 0 dB) NPRB 5  SNR 51.0 dB CCE fail 0
UE 6bd1: MAC:    TX           1736 RX          11169 bytes
UE 6bd1: LCID 1: TX            530 RX            286 bytes
UE 6bd1: LCID 2: TX              0 RX              0 bytes
UE 6bd1: LCID 4: TX              9 RX            228 bytes

278484.903964 [NR_MAC] I Frame.Slot 0.0
UE RNTI 6bd1 CU-UE-ID 1 in-sync PH 48 dB PCMAX 20 dBm, average RSRP -44 (16 meas)
UE 6bd1: dlsch_rounds 66/0/0/0, dlsch_errors 0, pucch0_DTX 0, BLER 0.00030 MCS (0) 0 CCE fail 0
UE 6bd1: ulsch_rounds 535/0/0/0, ulsch_errors 0, ulsch_DTX 0, BLER 0.00000 MCS (0) 0 (Qm 2 deltaMCS 0 dB) NPRB 5  SNR 51.0 dB CCE fail 0
UE 6bd1: MAC:    TX           1778 RX          11409 bytes
UE 6bd1: LCID 1: TX            530 RX            286 bytes
UE 6bd1: LCID 2: TX              0 RX              0 bytes
UE 6bd1: LCID 4: TX              9 RX            228 bytes

278485.542127 [NR_MAC] I Frame.Slot 128.0
UE RNTI 6bd1 CU-UE-ID 1 in-sync PH 48 dB PCMAX 20 dBm, average RSRP -44 (16 meas)
UE 6bd1: dlsch_rounds 67/0/0/0, dlsch_errors 0, pucch0_DTX 0, BLER 0.00027 MCS (0) 0 CCE fail 0
UE 6bd1: ulsch_rounds 548/0/0/0, ulsch_errors 0, ulsch_DTX 0, BLER 0.00000 MCS (0) 0 (Qm 2 deltaMCS 0 dB) NPRB 5  SNR 51.0 dB CCE fail 0
UE 6bd1: MAC:    TX           1799 RX          11669 bytes
UE 6bd1: LCID 1: TX            530 RX            286 bytes
UE 6bd1: LCID 2: TX              0 RX              0 bytes
UE 6bd1: LCID 4: TX              9 RX            228 bytes

278486.230687 [NR_MAC] I Frame.Slot 256.0
UE RNTI 6bd1 CU-UE-ID 1 in-sync PH 48 dB PCMAX 20 dBm, average RSRP -44 (16 meas)
UE 6bd1: dlsch_rounds 68/0/0/0, dlsch_errors 0, pucch0_DTX 0, BLER 0.00025 MCS (0) 0 CCE fail 0
UE 6bd1: ulsch_rounds 561/0/0/0, ulsch_errors 0, ulsch_DTX 0, BLER 0.00000 MCS (0) 0 (Qm 2 deltaMCS 0 dB) NPRB 5  SNR 51.0 dB CCE fail 0
UE 6bd1: MAC:    TX           1820 RX          11929 bytes
UE 6bd1: LCID 1: TX            530 RX            286 bytes
UE 6bd1: LCID 2: TX              0 RX              0 bytes
UE 6bd1: LCID 4: TX              9 RX            228 bytes

278486.994500 [NR_MAC] I Frame.Slot 384.0
UE RNTI 6bd1 CU-UE-ID 1 in-sync PH 48 dB PCMAX 20 dBm, average RSRP -44 (16 meas)
UE 6bd1: dlsch_rounds 69/0/0/0, dlsch_errors 0, pucch0_DTX 0, BLER 0.00022 MCS (0) 0 CCE fail 0
UE 6bd1: ulsch_rounds 574/0/0/0, ulsch_errors 0, ulsch_DTX 0, BLER 0.00000 MCS (0) 0 (Qm 2 deltaMCS 0 dB) NPRB 5  SNR 51.0 dB CCE fail 0
UE 6bd1: MAC:    TX           1841 RX          12189 bytes
UE 6bd1: LCID 1: TX            530 RX            286 bytes
UE 6bd1: LCID 2: TX              0 RX              0 bytes
UE 6bd1: LCID 4: TX              9 RX            228 bytes

278487.755438 [NR_MAC] I Frame.Slot 512.0
UE RNTI 6bd1 CU-UE-ID 1 in-sync PH 48 dB PCMAX 20 dBm, average RSRP -44 (16 meas)
UE 6bd1: dlsch_rounds 71/0/0/0, dlsch_errors 0, pucch0_DTX 0, BLER 0.00018 MCS (0) 0 CCE fail 0
UE 6bd1: ulsch_rounds 587/0/0/0, ulsch_errors 0, ulsch_DTX 0, BLER 0.00000 MCS (0) 0 (Qm 2 deltaMCS 0 dB) NPRB 5  SNR 51.0 dB CCE fail 0
UE 6bd1: MAC:    TX           1883 RX          12449 bytes
UE 6bd1: LCID 1: TX            530 RX            286 bytes
UE 6bd1: LCID 2: TX              0 RX              0 bytes
UE 6bd1: LCID 4: TX              9 RX            228 bytes

278488.527212 [NR_MAC] I Frame.Slot 640.0
UE RNTI 6bd1 CU-UE-ID 1 in-sync PH 48 dB PCMAX 20 dBm, average RSRP -44 (16 meas)
UE 6bd1: dlsch_rounds 72/0/0/0, dlsch_errors 0, pucch0_DTX 0, BLER 0.00016 MCS (0) 0 CCE fail 0
UE 6bd1: ulsch_rounds 599/0/0/0, ulsch_errors 0, ulsch_DTX 0, BLER 0.00000 MCS (0) 0 (Qm 2 deltaMCS 0 dB) NPRB 5  SNR 51.0 dB CCE fail 0
UE 6bd1: MAC:    TX           1904 RX          12689 bytes
UE 6bd1: LCID 1: TX            530 RX            286 bytes
UE 6bd1: LCID 2: TX              0 RX              0 bytes
UE 6bd1: LCID 4: TX              9 RX            228 bytes

278489.238141 [NR_MAC] I Frame.Slot 768.0
UE RNTI 6bd1 CU-UE-ID 1 in-sync PH 48 dB PCMAX 20 dBm, average RSRP -44 (16 meas)
UE 6bd1: dlsch_rounds 73/0/0/0, dlsch_errors 0, pucch0_DTX 0, BLER 0.00015 MCS (0) 0 CCE fail 0
UE 6bd1: ulsch_rounds 612/0/0/0, ulsch_errors 0, ulsch_DTX 0, BLER 0.00000 MCS (0) 0 (Qm 2 deltaMCS 0 dB) NPRB 5  SNR 51.0 dB CCE fail 0
UE 6bd1: MAC:    TX           1925 RX          12949 bytes
UE 6bd1: LCID 1: TX            530 RX            286 bytes
UE 6bd1: LCID 2: TX              0 RX              0 bytes
UE 6bd1: LCID 4: TX              9 RX            228 bytes

278489.958767 [NR_MAC] I Frame.Slot 896.0
UE RNTI 6bd1 CU-UE-ID 1 in-sync PH 48 dB PCMAX 20 dBm, average RSRP -44 (16 meas)
UE 6bd1: dlsch_rounds 75/0/0/0, dlsch_errors 0, pucch0_DTX 0, BLER 0.00012 MCS (0) 0 CCE fail 0
UE 6bd1: ulsch_rounds 625/0/0/0, ulsch_errors 0, ulsch_DTX 0, BLER 0.00000 MCS (0) 0 (Qm 2 deltaMCS 0 dB) NPRB 5  SNR 51.0 dB CCE fail 0
UE 6bd1: MAC:    TX           1967 RX          13209 bytes
UE 6bd1: LCID 1: TX            530 RX            286 bytes
UE 6bd1: LCID 2: TX              0 RX              0 bytes
UE 6bd1: LCID 4: TX              9 RX            228 bytes

278490.686466 [NR_MAC] I Frame.Slot 0.0
UE RNTI 6bd1 CU-UE-ID 1 in-sync PH 48 dB PCMAX 20 dBm, average RSRP -44 (16 meas)
UE 6bd1: dlsch_rounds 76/0/0/0, dlsch_errors 0, pucch0_DTX 0, BLER 0.00011 MCS (0) 0 CCE fail 0
UE 6bd1: ulsch_rounds 638/0/0/0, ulsch_errors 0, ulsch_DTX 0, BLER 0.00000 MCS (0) 0 (Qm 2 deltaMCS 0 dB) NPRB 5  SNR 51.0 dB CCE fail 0
UE 6bd1: MAC:    TX           1988 RX          13469 bytes
UE 6bd1: LCID 1: TX            530 RX            286 bytes
UE 6bd1: LCID 2: TX              0 RX              0 bytes
UE 6bd1: LCID 4: TX              9 RX            228 bytes

278491.378218 [NR_MAC] I Frame.Slot 128.0
UE RNTI 6bd1 CU-UE-ID 1 in-sync PH 48 dB PCMAX 20 dBm, average RSRP -44 (16 meas)
UE 6bd1: dlsch_rounds 78/0/0/0, dlsch_errors 0, pucch0_DTX 0, BLER 0.00009 MCS (0) 0 CCE fail 0
UE 6bd1: ulsch_rounds 656/0/0/0, ulsch_errors 0, ulsch_DTX 0, BLER 0.00000 MCS (0) 0 (Qm 2 deltaMCS 0 dB) NPRB 5  SNR 51.0 dB CCE fail 0
UE 6bd1: MAC:    TX           2030 RX          14011 bytes
UE 6bd1: LCID 1: TX            530 RX            286 bytes
UE 6bd1: LCID 2: TX              0 RX              0 bytes
UE 6bd1: LCID 4: TX             12 RX            304 bytes

278492.063999 [NR_MAC] I Frame.Slot 256.0
UE RNTI 6bd1 CU-UE-ID 1 in-sync PH 48 dB PCMAX 20 dBm, average RSRP -44 (16 meas)
UE 6bd1: dlsch_rounds 79/0/0/0, dlsch_errors 0, pucch0_DTX 0, BLER 0.00008 MCS (0) 0 CCE fail 0
UE 6bd1: ulsch_rounds 668/0/0/0, ulsch_errors 0, ulsch_DTX 0, BLER 0.00000 MCS (0) 0 (Qm 2 deltaMCS 0 dB) NPRB 5  SNR 51.0 dB CCE fail 0
UE 6bd1: MAC:    TX           2051 RX          14251 bytes
UE 6bd1: LCID 1: TX            530 RX            286 bytes
UE 6bd1: LCID 2: TX              0 RX              0 bytes
UE 6bd1: LCID 4: TX             12 RX            304 bytes

278492.677536 [NR_MAC] I Frame.Slot 384.0
UE RNTI 6bd1 CU-UE-ID 1 in-sync PH 48 dB PCMAX 20 dBm, average RSRP -44 (16 meas)
UE 6bd1: dlsch_rounds 81/0/0/0, dlsch_errors 0, pucch0_DTX 0, BLER 0.00006 MCS (0) 0 CCE fail 0
UE 6bd1: ulsch_rounds 681/0/0/0, ulsch_errors 0, ulsch_DTX 0, BLER 0.00000 MCS (0) 0 (Qm 2 deltaMCS 0 dB) NPRB 5  SNR 51.0 dB CCE fail 0
UE 6bd1: MAC:    TX           2093 RX          14511 bytes
UE 6bd1: LCID 1: TX            530 RX            286 bytes
UE 6bd1: LCID 2: TX              0 RX              0 bytes
UE 6bd1: LCID 4: TX             12 RX            304 bytes

278493.285073 [NR_MAC] I Frame.Slot 512.0
UE RNTI 6bd1 CU-UE-ID 1 in-sync PH 48 dB PCMAX 20 dBm, average RSRP -44 (16 meas)
UE 6bd1: dlsch_rounds 82/0/0/0, dlsch_errors 0, pucch0_DTX 0, BLER 0.00006 MCS (0) 0 CCE fail 0
UE 6bd1: ulsch_rounds 694/0/0/0, ulsch_errors 0, ulsch_DTX 0, BLER 0.00000 MCS (0) 0 (Qm 2 deltaMCS 0 dB) NPRB 5  SNR 51.0 dB CCE fail 0
UE 6bd1: MAC:    TX           2114 RX          14771 bytes
UE 6bd1: LCID 1: TX            530 RX            286 bytes
UE 6bd1: LCID 2: TX              0 RX              0 bytes
UE 6bd1: LCID 4: TX             12 RX            304 bytes

278493.888251 [NR_MAC] I Frame.Slot 640.0
UE RNTI 6bd1 CU-UE-ID 1 in-sync PH 48 dB PCMAX 20 dBm, average RSRP -44 (16 meas)
UE 6bd1: dlsch_rounds 83/0/0/0, dlsch_errors 0, pucch0_DTX 0, BLER 0.00005 MCS (0) 0 CCE fail 0
UE 6bd1: ulsch_rounds 707/0/0/0, ulsch_errors 0, ulsch_DTX 0, BLER 0.00000 MCS (0) 0 (Qm 2 deltaMCS 0 dB) NPRB 5  SNR 51.0 dB CCE fail 0
UE 6bd1: MAC:    TX           2135 RX          15031 bytes
UE 6bd1: LCID 1: TX            530 RX            286 bytes
UE 6bd1: LCID 2: TX              0 RX              0 bytes
UE 6bd1: LCID 4: TX             12 RX            304 bytes

278494.455214 [NR_MAC] I Frame.Slot 768.0
UE RNTI 6bd1 CU-UE-ID 1 in-sync PH 48 dB PCMAX 20 dBm, average RSRP -44 (16 meas)
UE 6bd1: dlsch_rounds 85/0/0/0, dlsch_errors 0, pucch0_DTX 0, BLER 0.00004 MCS (0) 0 CCE fail 0
UE 6bd1: ulsch_rounds 720/0/0/0, ulsch_errors 0, ulsch_DTX 0, BLER 0.00000 MCS (0) 0 (Qm 2 deltaMCS 0 dB) NPRB 5  SNR 51.0 dB CCE fail 0
UE 6bd1: MAC:    TX           2177 RX          15291 bytes
UE 6bd1: LCID 1: TX            530 RX            286 bytes
UE 6bd1: LCID 2: TX              0 RX              0 bytes
UE 6bd1: LCID 4: TX             12 RX            304 bytes

278495.118450 [NR_MAC] I Frame.Slot 896.0
UE RNTI 6bd1 CU-UE-ID 1 in-sync PH 48 dB PCMAX 20 dBm, average RSRP -44 (16 meas)
UE 6bd1: dlsch_rounds 86/0/0/0, dlsch_errors 0, pucch0_DTX 0, BLER 0.00004 MCS (0) 0 CCE fail 0
UE 6bd1: ulsch_rounds 732/0/0/0, ulsch_errors 0, ulsch_DTX 0, BLER 0.00000 MCS (0) 0 (Qm 2 deltaMCS 0 dB) NPRB 5  SNR 51.0 dB CCE fail 0
UE 6bd1: MAC:    TX           2198 RX          15531 bytes
UE 6bd1: LCID 1: TX            530 RX            286 bytes
UE 6bd1: LCID 2: TX              0 RX              0 bytes
UE 6bd1: LCID 4: TX             12 RX            304 bytes

278495.785423 [NR_MAC] I Frame.Slot 0.0
UE RNTI 6bd1 CU-UE-ID 1 in-sync PH 48 dB PCMAX 20 dBm, average RSRP -44 (16 meas)
UE 6bd1: dlsch_rounds 87/0/0/0, dlsch_errors 0, pucch0_DTX 0, BLER 0.00003 MCS (0) 0 CCE fail 0
UE 6bd1: ulsch_rounds 745/0/0/0, ulsch_errors 0, ulsch_DTX 0, BLER 0.00000 MCS (0) 0 (Qm 2 deltaMCS 0 dB) NPRB 5  SNR 51.0 dB CCE fail 0
UE 6bd1: MAC:    TX           2219 RX          15791 bytes
UE 6bd1: LCID 1: TX            530 RX            286 bytes
UE 6bd1: LCID 2: TX              0 RX              0 bytes
UE 6bd1: LCID 4: TX             12 RX            304 bytes

278496.474581 [NR_MAC] I Frame.Slot 128.0
UE RNTI 6bd1 CU-UE-ID 1 in-sync PH 48 dB PCMAX 20 dBm, average RSRP -44 (16 meas)
UE 6bd1: dlsch_rounds 88/0/0/0, dlsch_errors 0, pucch0_DTX 0, BLER 0.00003 MCS (0) 0 CCE fail 0
UE 6bd1: ulsch_rounds 758/0/0/0, ulsch_errors 0, ulsch_DTX 0, BLER 0.00000 MCS (0) 0 (Qm 2 deltaMCS 0 dB) NPRB 5  SNR 51.0 dB CCE fail 0
UE 6bd1: MAC:    TX           2240 RX          16051 bytes
UE 6bd1: LCID 1: TX            530 RX            286 bytes
UE 6bd1: LCID 2: TX              0 RX              0 bytes
UE 6bd1: LCID 4: TX             12 RX            304 bytes

278497.092333 [NR_MAC] I Frame.Slot 256.0
UE RNTI 6bd1 CU-UE-ID 1 in-sync PH 48 dB PCMAX 20 dBm, average RSRP -44 (16 meas)
UE 6bd1: dlsch_rounds 90/0/0/0, dlsch_errors 0, pucch0_DTX 0, BLER 0.00002 MCS (0) 0 CCE fail 0
UE 6bd1: ulsch_rounds 771/0/0/0, ulsch_errors 0, ulsch_DTX 0, BLER 0.00000 MCS (0) 0 (Qm 2 deltaMCS 0 dB) NPRB 5  SNR 51.0 dB CCE fail 0
UE 6bd1: MAC:    TX           2282 RX          16311 bytes
UE 6bd1: LCID 1: TX            530 RX            286 bytes
UE 6bd1: LCID 2: TX              0 RX              0 bytes
UE 6bd1: LCID 4: TX             12 RX            304 bytes

278497.687644 [NR_MAC] I Frame.Slot 384.0
UE RNTI 6bd1 CU-UE-ID 1 in-sync PH 48 dB PCMAX 20 dBm, average RSRP -44 (16 meas)
UE 6bd1: dlsch_rounds 91/0/0/0, dlsch_errors 0, pucch0_DTX 0, BLER 0.00002 MCS (0) 0 CCE fail 0
UE 6bd1: ulsch_rounds 784/0/0/0, ulsch_errors 0, ulsch_DTX 0, BLER 0.00000 MCS (0) 0 (Qm 2 deltaMCS 0 dB) NPRB 5  SNR 51.0 dB CCE fail 0
UE 6bd1: MAC:    TX           2303 RX          16571 bytes
UE 6bd1: LCID 1: TX            530 RX            286 bytes
UE 6bd1: LCID 2: TX              0 RX              0 bytes
UE 6bd1: LCID 4: TX             12 RX            304 bytes

278498.388494 [NR_MAC] I Frame.Slot 512.0
UE RNTI 6bd1 CU-UE-ID 1 in-sync PH 48 dB PCMAX 20 dBm, average RSRP -44 (16 meas)
UE 6bd1: dlsch_rounds 92/0/0/0, dlsch_errors 0, pucch0_DTX 0, BLER 0.00002 MCS (0) 0 CCE fail 0
UE 6bd1: ulsch_rounds 796/0/0/0, ulsch_errors 0, ulsch_DTX 0, BLER 0.00000 MCS (0) 0 (Qm 2 deltaMCS 0 dB) NPRB 5  SNR 51.0 dB CCE fail 0
UE 6bd1: MAC:    TX           2324 RX          16811 bytes
UE 6bd1: LCID 1: TX            530 RX            286 bytes
UE 6bd1: LCID 2: TX              0 RX              0 bytes
UE 6bd1: LCID 4: TX             12 RX            304 bytes

278499.125162 [NR_MAC] I Frame.Slot 640.0
UE RNTI 6bd1 CU-UE-ID 1 in-sync PH 48 dB PCMAX 20 dBm, average RSRP -44 (16 meas)
UE 6bd1: dlsch_rounds 93/0/0/0, dlsch_errors 0, pucch0_DTX 0, BLER 0.00002 MCS (0) 0 CCE fail 0
UE 6bd1: ulsch_rounds 809/0/0/0, ulsch_errors 0, ulsch_DTX 0, BLER 0.00000 MCS (0) 0 (Qm 2 deltaMCS 0 dB) NPRB 5  SNR 51.0 dB CCE fail 0
UE 6bd1: MAC:    TX           2345 RX          17071 bytes
UE 6bd1: LCID 1: TX            530 RX            286 bytes
UE 6bd1: LCID 2: TX              0 RX              0 bytes
UE 6bd1: LCID 4: TX             12 RX            304 bytes

278499.756615 [NR_MAC] I Frame.Slot 768.0
UE RNTI 6bd1 CU-UE-ID 1 in-sync PH 48 dB PCMAX 20 dBm, average RSRP -44 (16 meas)
UE 6bd1: dlsch_rounds 95/0/0/0, dlsch_errors 0, pucch0_DTX 0, BLER 0.00001 MCS (0) 0 CCE fail 0
UE 6bd1: ulsch_rounds 822/0/0/0, ulsch_errors 0, ulsch_DTX 0, BLER 0.00000 MCS (0) 0 (Qm 2 deltaMCS 0 dB) NPRB 5  SNR 51.0 dB CCE fail 0
UE 6bd1: MAC:    TX           2387 RX          17331 bytes
UE 6bd1: LCID 1: TX            530 RX            286 bytes
UE 6bd1: LCID 2: TX              0 RX              0 bytes
UE 6bd1: LCID 4: TX             12 RX            304 bytes

278500.357300 [NR_MAC] I Frame.Slot 896.0
UE RNTI 6bd1 CU-UE-ID 1 in-sync PH 48 dB PCMAX 20 dBm, average RSRP -44 (16 meas)
UE 6bd1: dlsch_rounds 96/0/0/0, dlsch_errors 0, pucch0_DTX 0, BLER 0.00001 MCS (0) 0 CCE fail 0
UE 6bd1: ulsch_rounds 835/0/0/0, ulsch_errors 0, ulsch_DTX 0, BLER 0.00000 MCS (0) 0 (Qm 2 deltaMCS 0 dB) NPRB 5  SNR 51.0 dB CCE fail 0
UE 6bd1: MAC:    TX           2408 RX          17591 bytes
UE 6bd1: LCID 1: TX            530 RX            286 bytes
UE 6bd1: LCID 2: TX              0 RX              0 bytes
UE 6bd1: LCID 4: TX             12 RX            304 bytes

278500.980625 [NR_MAC] I Frame.Slot 0.0
UE RNTI 6bd1 CU-UE-ID 1 in-sync PH 48 dB PCMAX 20 dBm, average RSRP -44 (16 meas)
UE 6bd1: dlsch_rounds 97/0/0/0, dlsch_errors 0, pucch0_DTX 0, BLER 0.00001 MCS (0) 0 CCE fail 0
UE 6bd1: ulsch_rounds 848/0/0/0, ulsch_errors 0, ulsch_DTX 0, BLER 0.00000 MCS (0) 0 (Qm 2 deltaMCS 0 dB) NPRB 5  SNR 51.0 dB CCE fail 0
UE 6bd1: MAC:    TX           2429 RX          17851 bytes
UE 6bd1: LCID 1: TX            530 RX            286 bytes
UE 6bd1: LCID 2: TX              0 RX              0 bytes
UE 6bd1: LCID 4: TX             12 RX            304 bytes

278501.716635 [NR_MAC] I Frame.Slot 128.0
UE RNTI 6bd1 CU-UE-ID 1 in-sync PH 48 dB PCMAX 20 dBm, average RSRP -44 (16 meas)
UE 6bd1: dlsch_rounds 99/0/0/0, dlsch_errors 0, pucch0_DTX 0, BLER 0.00001 MCS (0) 0 CCE fail 0
UE 6bd1: ulsch_rounds 860/0/0/0, ulsch_errors 0, ulsch_DTX 0, BLER 0.00000 MCS (0) 0 (Qm 2 deltaMCS 0 dB) NPRB 5  SNR 51.0 dB CCE fail 0
UE 6bd1: MAC:    TX           2471 RX          18091 bytes
UE 6bd1: LCID 1: TX            530 RX            286 bytes
UE 6bd1: LCID 2: TX              0 RX              0 bytes
UE 6bd1: LCID 4: TX             12 RX            304 bytes

278502.474556 [NR_MAC] I Frame.Slot 256.0
UE RNTI 6bd1 CU-UE-ID 1 in-sync PH 48 dB PCMAX 20 dBm, average RSRP -44 (16 meas)
UE 6bd1: dlsch_rounds 102/0/0/0, dlsch_errors 0, pucch0_DTX 0, BLER 0.00001 MCS (0) 0 CCE fail 0
UE 6bd1: ulsch_rounds 882/0/0/0, ulsch_errors 0, ulsch_DTX 0, BLER 0.00000 MCS (0) 0 (Qm 2 deltaMCS 0 dB) NPRB 5  SNR 51.0 dB CCE fail 0
UE 6bd1: MAC:    TX           2573 RX          18607 bytes
UE 6bd1: LCID 1: TX            530 RX            286 bytes
UE 6bd1: LCID 2: TX              0 RX              0 bytes
UE 6bd1: LCID 4: TX             63 RX            371 bytes

278503.201034 [NR_MAC] I Frame.Slot 384.0
UE RNTI 6bd1 CU-UE-ID 1 in-sync PH 48 dB PCMAX 20 dBm, average RSRP -44 (16 meas)
UE 6bd1: dlsch_rounds 105/0/0/0, dlsch_errors 0, pucch0_DTX 0, BLER 0.00001 MCS (0) 0 CCE fail 0
UE 6bd1: ulsch_rounds 901/0/0/0, ulsch_errors 0, ulsch_DTX 0, BLER 0.00000 MCS (0) 1 (Qm 2 deltaMCS 0 dB) NPRB 5  SNR 51.0 dB CCE fail 0
UE 6bd1: MAC:    TX           2675 RX          18989 bytes
UE 6bd1: LCID 1: TX            530 RX            286 bytes
UE 6bd1: LCID 2: TX              0 RX              0 bytes
UE 6bd1: LCID 4: TX            114 RX            443 bytes

278503.940886 [NR_MAC] I Frame.Slot 512.0
UE RNTI 6bd1 CU-UE-ID 1 in-sync PH 48 dB PCMAX 20 dBm, average RSRP -44 (16 meas)
UE 6bd1: dlsch_rounds 106/0/0/0, dlsch_errors 0, pucch0_DTX 0, BLER 0.00001 MCS (0) 0 CCE fail 0
UE 6bd1: ulsch_rounds 913/0/0/0, ulsch_errors 0, ulsch_DTX 0, BLER 0.00000 MCS (0) 0 (Qm 2 deltaMCS 0 dB) NPRB 5  SNR 51.0 dB CCE fail 0
UE 6bd1: MAC:    TX           2696 RX          19229 bytes
UE 6bd1: LCID 1: TX            530 RX            286 bytes
UE 6bd1: LCID 2: TX              0 RX              0 bytes
UE 6bd1: LCID 4: TX            114 RX            443 bytes

278504.657482 [NR_MAC] I Frame.Slot 640.0
UE RNTI 6bd1 CU-UE-ID 1 in-sync PH 48 dB PCMAX 20 dBm, average RSRP -44 (16 meas)
UE 6bd1: dlsch_rounds 108/0/0/0, dlsch_errors 0, pucch0_DTX 0, BLER 0.00000 MCS (0) 0 CCE fail 0
UE 6bd1: ulsch_rounds 926/0/0/0, ulsch_errors 0, ulsch_DTX 0, BLER 0.00000 MCS (0) 0 (Qm 2 deltaMCS 0 dB) NPRB 5  SNR 51.0 dB CCE fail 0
UE 6bd1: MAC:    TX           2738 RX          19489 bytes
UE 6bd1: LCID 1: TX            530 RX            286 bytes
UE 6bd1: LCID 2: TX              0 RX              0 bytes
UE 6bd1: LCID 4: TX            114 RX            443 bytes

278505.264065 [NR_MAC] I Frame.Slot 768.0
UE RNTI 6bd1 CU-UE-ID 1 in-sync PH 48 dB PCMAX 20 dBm, average RSRP -44 (16 meas)
UE 6bd1: dlsch_rounds 109/0/0/0, dlsch_errors 0, pucch0_DTX 0, BLER 0.00000 MCS (0) 0 CCE fail 0
UE 6bd1: ulsch_rounds 939/0/0/0, ulsch_errors 0, ulsch_DTX 0, BLER 0.00000 MCS (0) 0 (Qm 2 deltaMCS 0 dB) NPRB 5  SNR 51.0 dB CCE fail 0
UE 6bd1: MAC:    TX           2759 RX          19749 bytes
UE 6bd1: LCID 1: TX            530 RX            286 bytes
UE 6bd1: LCID 2: TX              0 RX              0 bytes
UE 6bd1: LCID 4: TX            114 RX            443 bytes

278505.901822 [NR_MAC] I Frame.Slot 896.0
UE RNTI 6bd1 CU-UE-ID 1 in-sync PH 48 dB PCMAX 20 dBm, average RSRP -44 (16 meas)
UE 6bd1: dlsch_rounds 110/0/0/0, dlsch_errors 0, pucch0_DTX 0, BLER 0.00000 MCS (0) 0 CCE fail 0
UE 6bd1: ulsch_rounds 952/0/0/0, ulsch_errors 0, ulsch_DTX 0, BLER 0.00000 MCS (0) 0 (Qm 2 deltaMCS 0 dB) NPRB 5  SNR 51.0 dB CCE fail 0
UE 6bd1: MAC:    TX           2780 RX          20009 bytes
UE 6bd1: LCID 1: TX            530 RX            286 bytes
UE 6bd1: LCID 2: TX              0 RX              0 bytes
UE 6bd1: LCID 4: TX            114 RX            443 bytes

278506.537536 [NR_MAC] I Frame.Slot 0.0
UE RNTI 6bd1 CU-UE-ID 1 in-sync PH 48 dB PCMAX 20 dBm, average RSRP -44 (16 meas)
UE 6bd1: dlsch_rounds 112/0/0/0, dlsch_errors 0, pucch0_DTX 0, BLER 0.00000 MCS (0) 0 CCE fail 0
UE 6bd1: ulsch_rounds 965/0/0/0, ulsch_errors 0, ulsch_DTX 0, BLER 0.00000 MCS (0) 0 (Qm 2 deltaMCS 0 dB) NPRB 5  SNR 51.0 dB CCE fail 0
UE 6bd1: MAC:    TX           2822 RX          20269 bytes
UE 6bd1: LCID 1: TX            530 RX            286 bytes
UE 6bd1: LCID 2: TX              0 RX              0 bytes
UE 6bd1: LCID 4: TX            114 RX            443 bytes

278507.254311 [NR_MAC] I Frame.Slot 128.0
UE RNTI 6bd1 CU-UE-ID 1 in-sync PH 48 dB PCMAX 20 dBm, average RSRP -44 (16 meas)
UE 6bd1: dlsch_rounds 113/0/0/0, dlsch_errors 0, pucch0_DTX 0, BLER 0.00000 MCS (0) 0 CCE fail 0
UE 6bd1: ulsch_rounds 977/0/0/0, ulsch_errors 0, ulsch_DTX 0, BLER 0.00000 MCS (0) 0 (Qm 2 deltaMCS 0 dB) NPRB 5  SNR 51.0 dB CCE fail 0
UE 6bd1: MAC:    TX           2843 RX          20509 bytes
UE 6bd1: LCID 1: TX            530 RX            286 bytes
UE 6bd1: LCID 2: TX              0 RX              0 bytes
UE 6bd1: LCID 4: TX            114 RX            443 bytes

278507.971344 [NR_MAC] I Frame.Slot 256.0
UE RNTI 6bd1 CU-UE-ID 1 in-sync PH 48 dB PCMAX 20 dBm, average RSRP -44 (16 meas)
UE 6bd1: dlsch_rounds 114/0/0/0, dlsch_errors 0, pucch0_DTX 0, BLER 0.00000 MCS (0) 0 CCE fail 0
UE 6bd1: ulsch_rounds 990/0/0/0, ulsch_errors 0, ulsch_DTX 0, BLER 0.00000 MCS (0) 0 (Qm 2 deltaMCS 0 dB) NPRB 5  SNR 51.0 dB CCE fail 0
UE 6bd1: MAC:    TX           2864 RX          20769 bytes
UE 6bd1: LCID 1: TX            530 RX            286 bytes
UE 6bd1: LCID 2: TX              0 RX              0 bytes
UE 6bd1: LCID 4: TX            114 RX            443 bytes

278508.643188 [NR_MAC] I Frame.Slot 384.0
UE RNTI 6bd1 CU-UE-ID 1 in-sync PH 48 dB PCMAX 20 dBm, average RSRP -44 (16 meas)
UE 6bd1: dlsch_rounds 115/0/0/0, dlsch_errors 0, pucch0_DTX 0, BLER 0.00000 MCS (0) 0 CCE fail 0
UE 6bd1: ulsch_rounds 1003/0/0/0, ulsch_errors 0, ulsch_DTX 0, BLER 0.00000 MCS (0) 0 (Qm 2 deltaMCS 0 dB) NPRB 5  SNR 51.0 dB CCE fail 0
UE 6bd1: MAC:    TX           2885 RX          21029 bytes
UE 6bd1: LCID 1: TX            530 RX            286 bytes
UE 6bd1: LCID 2: TX              0 RX              0 bytes
UE 6bd1: LCID 4: TX            114 RX            443 bytes

278509.357887 [NR_MAC] I Frame.Slot 512.0
UE RNTI 6bd1 CU-UE-ID 1 in-sync PH 48 dB PCMAX 20 dBm, average RSRP -44 (16 meas)
UE 6bd1: dlsch_rounds 117/0/0/0, dlsch_errors 0, pucch0_DTX 0, BLER 0.00000 MCS (0) 0 CCE fail 0
UE 6bd1: ulsch_rounds 1016/0/0/0, ulsch_errors 0, ulsch_DTX 0, BLER 0.00000 MCS (0) 0 (Qm 2 deltaMCS 0 dB) NPRB 5  SNR 51.0 dB CCE fail 0
UE 6bd1: MAC:    TX           2927 RX          21289 bytes
UE 6bd1: LCID 1: TX            530 RX            286 bytes
UE 6bd1: LCID 2: TX              0 RX              0 bytes
UE 6bd1: LCID 4: TX            114 RX            443 bytes

278510.045316 [NR_MAC] I Frame.Slot 640.0
UE RNTI 6bd1 CU-UE-ID 1 in-sync PH 48 dB PCMAX 20 dBm, average RSRP -44 (16 meas)
UE 6bd1: dlsch_rounds 118/0/0/0, dlsch_errors 0, pucch0_DTX 0, BLER 0.00000 MCS (0) 0 CCE fail 0
UE 6bd1: ulsch_rounds 1029/0/0/0, ulsch_errors 0, ulsch_DTX 0, BLER 0.00000 MCS (0) 0 (Qm 2 deltaMCS 0 dB) NPRB 5  SNR 51.0 dB CCE fail 0
UE 6bd1: MAC:    TX           2948 RX          21549 bytes
UE 6bd1: LCID 1: TX            530 RX            286 bytes
UE 6bd1: LCID 2: TX              0 RX              0 bytes
UE 6bd1: LCID 4: TX            114 RX            443 bytes

278510.171510 [NR_RRC] A [UL] (cellID bc614e, UE ID 1 RNTI 6bd1) Received RRC UL Information Transfer [27 bytes]
278510.177329 [NR_RRC] A [DL] (cellID bc614e, UE ID 1 RNTI 6bd1) Send DL Information Transfer [3 bytes]
278510.377721 [E1AP] I releasing UE 1
278510.377740 [GTPU] I [91] UE ID 1: Delete all tunnels (1 tunnels)
278510.377758 [NR_RRC] A [DL] (cellID bc614e, UE ID 1 RNTI 6bd1) Send RRC Release
278510.377783 [RRC] I UE 1: received bearer release complete
278510.432494 [RLC] W Remove UE 27601
278510.432548 [NR_RRC] I removed UE CU UE ID 1/RNTI 6bd1 
278510.432694 [NR_RRC] A [--] (cellID bc614e, UE ID 1 RNTI 6bd1) Remove UE context
278510.433522 [NR_MAC] I Remove NR rnti 0x6bd1
278510.695688 [NR_MAC] I Frame.Slot 768.0

278511.396799 [NR_MAC] I Frame.Slot 896.0

278512.144298 [NR_MAC] I Frame.Slot 0.0

278512.357272 [HW] W Lost socket
278514.642450 [NR_MAC] I Frame.Slot 128.0

278517.341985 [NR_MAC] I Frame.Slot 256.0


** Caught SIGTERM, shutting down
278517.904720 [GNB_APP] I stopping nr-softmodem
278517.904728 [PHY] I Killing gNB 0 processing threads
278518.267407 [PHY] I Stopping RU 0 processing threads
278518.269987 [PHY] I RU 0 RF device stopped
278518.269996 [GNB_APP] I turned off RU rfdevice
Returned from ITTI signal handler
Bye.
[INFO  tini (1)] Spawned child process '/opt/oai-gnb/bin/entrypoint.sh' with pid '7'
[INFO  tini (1)] Main child exited normally (with status '0')
